*******************************************************************************
Thu Jan  5 21:35:44 2023


FIT:    data read from 'L100T1.0CN50E2.0CD0.01-part.dat' u 3:1
        format = x:z
        #datapoints = 32
        residuals are weighted equally (unit weight)

function used for fitting: f(x)
	f(x) = a*x + b*x**2 + c*x**3 + d*x**4 + e*x**5
fitted parameters initialized with current variable values

iter      chisq       delta/lim  lambda   a             b             c             d             e            
   0 4.0945972835e+00   0.00e+00  1.93e-01    1.000000e+00   1.000000e+00   1.000000e+00   1.000000e+00   1.000000e+00
   6 1.6923531220e-04  -7.08e-03  1.93e-07    2.161738e+00  -6.284974e+00   1.550792e+01  -1.978587e+01   1.009139e+01

After 6 iterations the fit converged.
final sum of squares of residuals : 0.000169235
rel. change during last iteration : -7.08314e-08

degrees of freedom    (FIT_NDF)                        : 27
rms of residuals      (FIT_STDFIT) = sqrt(WSSR/ndf)    : 0.00250359
variance of residuals (reduced chisquare) = WSSR/ndf   : 6.26797e-06

Final set of parameters            Asymptotic Standard Error
=======================            ==========================
a               = 2.16174          +/- 0.04088      (1.891%)
b               = -6.28497         +/- 0.529        (8.416%)
c               = 15.5079          +/- 2.359        (15.21%)
d               = -19.7859         +/- 4.332        (21.89%)
e               = 10.0914          +/- 2.802        (27.76%)

correlation matrix of the fit parameters:
                a      b      c      d      e      
a               1.000 
b              -0.968  1.000 
c               0.915 -0.986  1.000 
d              -0.865  0.958 -0.992  1.000 
e               0.819 -0.927  0.975 -0.995  1.000 
