

*******************************************************************************
Wed Jan 18 18:15:41 2023


FIT:    data read from 'L100T1.0CN25E2.0CD0.015.dat' u 3:1
        format = x:z
        x range restricted to [0.00000 : 1.00000]
        #datapoints = 24
        residuals are weighted equally (unit weight)

function used for fitting: f(x)
	f(x) = a*x + b*x**2 + c*x**3 + d*x**4 + e*x**5
fitted parameters initialized with current variable values

iter      chisq       delta/lim  lambda   a             b             c             d             e            
   0 4.0139060823e+01   0.00e+00  3.89e-01    1.000000e+00   1.000000e+00   1.000000e+00   1.000000e+00   1.000000e+00
   6 1.5759022544e-04  -8.53e-05  3.89e-07    2.112596e+00  -4.769969e+00   8.571735e+00  -7.786827e+00   2.894841e+00

After 6 iterations the fit converged.
final sum of squares of residuals : 0.00015759
rel. change during last iteration : -8.53216e-10

degrees of freedom    (FIT_NDF)                        : 19
rms of residuals      (FIT_STDFIT) = sqrt(WSSR/ndf)    : 0.00287997
variance of residuals (reduced chisquare) = WSSR/ndf   : 8.29422e-06

Final set of parameters            Asymptotic Standard Error
=======================            ==========================
a               = 2.1126           +/- 0.03629      (1.718%)
b               = -4.76997         +/- 0.313        (6.562%)
c               = 8.57174          +/- 0.9305       (10.86%)
d               = -7.78683         +/- 1.139        (14.63%)
e               = 2.89484          +/- 0.491        (16.96%)

correlation matrix of the fit parameters:
                a      b      c      d      e      
a               1.000 
b              -0.968  1.000 
c               0.915 -0.986  1.000 
d              -0.865  0.958 -0.992  1.000 
e               0.820 -0.927  0.975 -0.995  1.000 
