

*******************************************************************************
Thu Jun 30 08:50:00 2022


FIT:    data read from 'density/density/L100T1.0E0.9/lan112394-lbn590070-ran3144-rbn16508.density' u 1:2
        format = x:z
        x range restricted to [0.200000 : 0.800000]
        #datapoints = 241
        residuals are weighted equally (unit weight)

function used for fitting: da(x)
	da(x) = (dal+dag)/2 + ((dal-dag)/2)*tanh((x-a)/(2*b))
fitted parameters initialized with current variable values

iter      chisq       delta/lim  lambda   a             b             dal           dag          
   0 8.7224062153e+00   0.00e+00  4.70e-01    5.000000e-01   6.000000e-03   3.000000e-02   3.000000e-01
   7 7.7382006175e-06  -2.14e-01  4.70e-08    5.582027e-01   1.219675e-02   5.899550e-03   2.912808e-02

After 7 iterations the fit converged.
final sum of squares of residuals : 7.7382e-06
rel. change during last iteration : -2.13761e-06

degrees of freedom    (FIT_NDF)                        : 237
rms of residuals      (FIT_STDFIT) = sqrt(WSSR/ndf)    : 0.000180695
variance of residuals (reduced chisquare) = WSSR/ndf   : 3.26506e-08

Final set of parameters            Asymptotic Standard Error
=======================            ==========================
a               = 0.558203         +/- 0.0001126    (0.02018%)
b               = 0.0121968        +/- 9.807e-05    (0.8041%)
dal             = 0.00589955       +/- 2.029e-05    (0.344%)
dag             = 0.0291281        +/- 1.611e-05    (0.05532%)

correlation matrix of the fit parameters:
                a      b      dal    dag    
a               1.000 
b               0.016  1.000 
dal            -0.276 -0.257  1.000 
dag            -0.216  0.211 -0.032  1.000 


*******************************************************************************
Thu Jun 30 08:50:00 2022


FIT:    data read from 'density/density/L100T1.0E0.9/lan112394-lbn590070-ran3144-rbn16508.density' u 1:3
        format = x:z
        x range restricted to [0.200000 : 0.800000]
        #datapoints = 241
        residuals are weighted equally (unit weight)

function used for fitting: db(x)
	db(x) = (dbl+dbg)/2 + ((dbl-dbg)/2)*tanh((x-c)/(2*d))
fitted parameters initialized with current variable values

iter      chisq       delta/lim  lambda   c             d             dbl           dbg          
   0 2.7831995205e+00   0.00e+00  4.70e-01    5.000000e-01   6.000000e-03   3.000000e-02   3.000000e-01
   7 8.2052550890e-05  -4.58e-01  4.70e-08    5.582851e-01   1.241845e-02   3.451691e-02   1.510881e-01

After 7 iterations the fit converged.
final sum of squares of residuals : 8.20526e-05
rel. change during last iteration : -4.58222e-06

degrees of freedom    (FIT_NDF)                        : 237
rms of residuals      (FIT_STDFIT) = sqrt(WSSR/ndf)    : 0.000588399
variance of residuals (reduced chisquare) = WSSR/ndf   : 3.46213e-07

Final set of parameters            Asymptotic Standard Error
=======================            ==========================
c               = 0.558285         +/- 7.384e-05    (0.01323%)
d               = 0.0124184        +/- 6.429e-05    (0.5177%)
dbl             = 0.0345169        +/- 6.624e-05    (0.1919%)
dbg             = 0.151088         +/- 5.253e-05    (0.03477%)

correlation matrix of the fit parameters:
                c      d      dbl    dbg    
c               1.000 
d               0.017  1.000 
dbl            -0.279 -0.259  1.000 
dbg            -0.218  0.213 -0.033  1.000 
