*******************************************************************************
Sun Oct 23 21:20:44 2022


FIT:    data read from 'density/ln78732-rn10976-ld0.629856-rd0.087808-T1.0.density' u 1:2
        format = x:z
        x range restricted to [0.200000 : 0.800000]
        #datapoints = 601
        residuals are weighted equally (unit weight)

function used for fitting: da(x)
	da(x) = (dal+dag)/2 + ((dal-dag)/2)*tanh((x-a)/(2*b))
fitted parameters initialized with current variable values

iter      chisq       delta/lim  lambda   a             b             dal           dag          
   0 2.9892325696e+02   0.00e+00  3.65e-01    1.000000e+00   1.000000e+00   1.000000e+00   1.000000e+00
  35 1.5949277600e-01  -4.76e-01  3.65e-06    5.061939e-01   1.138683e-02   5.410063e-02   6.417037e-01

After 35 iterations the fit converged.
final sum of squares of residuals : 0.159493
rel. change during last iteration : -4.7646e-06

degrees of freedom    (FIT_NDF)                        : 597
rms of residuals      (FIT_STDFIT) = sqrt(WSSR/ndf)    : 0.0163449
variance of residuals (reduced chisquare) = WSSR/ndf   : 0.000267157

Final set of parameters            Asymptotic Standard Error
=======================            ==========================
a               = 0.506194         +/- 0.0002442    (0.04825%)
b               = 0.0113868        +/- 0.0002129    (1.87%)
dal             = 0.0541006        +/- 0.001029     (1.902%)
dag             = 0.641704         +/- 0.001005     (0.1566%)

correlation matrix of the fit parameters:
                a      b      dal    dag    
a               1.000 
b              -0.008  1.000 
dal            -0.238 -0.222  1.000 
dag            -0.232  0.221 -0.029  1.000 
