

*******************************************************************************
Sat Nov 19 12:08:51 2022


FIT:    data read from 'density/density/L100T1.0E1.05CD0.008/lan111495-lbn585349-lcn5620-ran3119-rbn16376-rcn157.density' u 1:2
        format = x:z
        x range restricted to [0.200000 : 0.800000]
        #datapoints = 241
        residuals are weighted equally (unit weight)

function used for fitting: da(x)
	da(x) = (dal+dag)/2 - ((dal-dag)/2)*tanh((x-a)/(2*b))
fitted parameters initialized with current variable values

iter      chisq       delta/lim  lambda   a             b             dal           dag          
   0 5.4350135181e+00   0.00e+00  4.70e-01    5.000000e-01   6.000000e-03   3.000000e-01   3.000000e-02
   8 1.6489423756e-03  -1.34e-01  4.70e-09    5.419340e-01   6.005899e-03   8.578924e-02   1.471819e-02

After 8 iterations the fit converged.
final sum of squares of residuals : 0.00164894
rel. change during last iteration : -1.34215e-06

degrees of freedom    (FIT_NDF)                        : 237
rms of residuals      (FIT_STDFIT) = sqrt(WSSR/ndf)    : 0.00263772
variance of residuals (reduced chisquare) = WSSR/ndf   : 6.95756e-06

Final set of parameters            Asymptotic Standard Error
=======================            ==========================
a               = 0.541934         +/- 0.0003636    (0.0671%)
b               = 0.0060059        +/- 0.0003182    (5.298%)
dal             = 0.0857892        +/- 0.0002328    (0.2713%)
dag             = 0.0147182        +/- 0.0002707    (1.839%)

correlation matrix of the fit parameters:
                a      b      dal    dag    
a               1.000 
b              -0.012  1.000 
dal            -0.160  0.149  1.000 
dag            -0.186 -0.166 -0.014  1.000 


*******************************************************************************
Sat Nov 19 12:08:51 2022


FIT:    data read from 'density/density/L100T1.0E1.05CD0.008/lan111495-lbn585349-lcn5620-ran3119-rbn16376-rcn157.density' u 1:3
        format = x:z
        x range restricted to [0.200000 : 0.800000]
        #datapoints = 241
        residuals are weighted equally (unit weight)

function used for fitting: db(x)
	db(x) = (dbl+dbg)/2 - ((dbl-dbg)/2)*tanh((x-c)/(2*d))
fitted parameters initialized with current variable values

iter      chisq       delta/lim  lambda   c             d             dbl           dbg          
   0 6.3320534009e+00   0.00e+00  4.70e-01    5.000000e-01   6.000000e-03   3.000000e-01   3.000000e-02
   6 1.3137148508e-01  -7.69e-01  4.70e-07    5.397150e-01   5.861376e-03   4.697583e-01   5.813230e-02

After 6 iterations the fit converged.
final sum of squares of residuals : 0.131371
rel. change during last iteration : -7.68698e-06

degrees of freedom    (FIT_NDF)                        : 237
rms of residuals      (FIT_STDFIT) = sqrt(WSSR/ndf)    : 0.0235438
variance of residuals (reduced chisquare) = WSSR/ndf   : 0.00055431

Final set of parameters            Asymptotic Standard Error
=======================            ==========================
c               = 0.539715         +/- 0.0005532    (0.1025%)
d               = 0.00586138       +/- 0.0004841    (8.26%)
dbl             = 0.469758         +/- 0.002083     (0.4434%)
dbg             = 0.0581323        +/- 0.002403     (4.133%)

correlation matrix of the fit parameters:
                c      d      dbl    dbg    
c               1.000 
d              -0.013  1.000 
dbl            -0.159  0.148  1.000 
dbg            -0.183 -0.163 -0.014  1.000 


*******************************************************************************
Sat Nov 19 12:08:52 2022


FIT:    data read from 'density/density/L100T1.0E1.05CD0.008/lan125432-lbn571412-lcn5620-ran3509-rbn15986-rcn157.density' u 1:2
        format = x:z
        x range restricted to [0.200000 : 0.800000]
        #datapoints = 241
        residuals are weighted equally (unit weight)

function used for fitting: da(x)
	da(x) = (dal+dag)/2 - ((dal-dag)/2)*tanh((x-a)/(2*b))
fitted parameters initialized with current variable values

iter      chisq       delta/lim  lambda   a             b             dal           dag          
   0 5.0154931398e+00   0.00e+00  4.70e-01    5.000000e-01   6.000000e-03   3.000000e-01   3.000000e-02
   9 6.6241043695e-03  -1.51e-01  4.70e-10    5.462562e-01   5.798611e-03   9.491389e-02   1.660782e-02

After 9 iterations the fit converged.
final sum of squares of residuals : 0.0066241
rel. change during last iteration : -1.50805e-06

degrees of freedom    (FIT_NDF)                        : 237
rms of residuals      (FIT_STDFIT) = sqrt(WSSR/ndf)    : 0.00528676
variance of residuals (reduced chisquare) = WSSR/ndf   : 2.79498e-05

Final set of parameters            Asymptotic Standard Error
=======================            ==========================
a               = 0.546256         +/- 0.0006494    (0.1189%)
b               = 0.00579861       +/- 0.0005683    (9.801%)
dal             = 0.0949139        +/- 0.0004629    (0.4877%)
dag             = 0.0166078        +/- 0.0005468    (3.292%)

correlation matrix of the fit parameters:
                a      b      dal    dag    
a               1.000 
b              -0.012  1.000 
dal            -0.156  0.146  1.000 
dag            -0.184 -0.164 -0.014  1.000 


*******************************************************************************
Sat Nov 19 12:08:52 2022


FIT:    data read from 'density/density/L100T1.0E1.05CD0.008/lan125432-lbn571412-lcn5620-ran3509-rbn15986-rcn157.density' u 1:3
        format = x:z
        x range restricted to [0.200000 : 0.800000]
        #datapoints = 241
        residuals are weighted equally (unit weight)

function used for fitting: db(x)
	db(x) = (dbl+dbg)/2 - ((dbl-dbg)/2)*tanh((x-c)/(2*d))
fitted parameters initialized with current variable values

iter      chisq       delta/lim  lambda   c             d             dbl           dbg          
   0 5.6533314692e+00   0.00e+00  4.70e-01    5.000000e-01   6.000000e-03   3.000000e-01   3.000000e-02
   6 1.9377494841e-01  -7.01e-02  4.70e-07    5.437408e-01   5.867061e-03   4.485242e-01   5.772345e-02

After 6 iterations the fit converged.
final sum of squares of residuals : 0.193775
rel. change during last iteration : -7.01184e-07

degrees of freedom    (FIT_NDF)                        : 237
rms of residuals      (FIT_STDFIT) = sqrt(WSSR/ndf)    : 0.028594
variance of residuals (reduced chisquare) = WSSR/ndf   : 0.000817616

Final set of parameters            Asymptotic Standard Error
=======================            ==========================
c               = 0.543741         +/- 0.0007081    (0.1302%)
d               = 0.00586706       +/- 0.0006197    (10.56%)
dbl             = 0.448524         +/- 0.002514     (0.5605%)
dbg             = 0.0577235        +/- 0.002943     (5.098%)

correlation matrix of the fit parameters:
                c      d      dbl    dbg    
c               1.000 
d              -0.012  1.000 
dbl            -0.158  0.147  1.000 
dbg            -0.185 -0.164 -0.014  1.000 


*******************************************************************************
Sat Nov 19 12:08:52 2022


FIT:    data read from 'density/density/L100T1.0E1.05CD0.008/lan139369-lbn557475-lcn5620-ran3899-rbn15596-rcn157.density' u 1:2
        format = x:z
        x range restricted to [0.200000 : 0.800000]
        #datapoints = 241
        residuals are weighted equally (unit weight)

function used for fitting: da(x)
	da(x) = (dal+dag)/2 - ((dal-dag)/2)*tanh((x-a)/(2*b))
fitted parameters initialized with current variable values

iter      chisq       delta/lim  lambda   a             b             dal           dag          
   0 4.3700925579e+00   0.00e+00  4.70e-01    5.000000e-01   6.000000e-03   3.000000e-01   3.000000e-02
   8 2.3674806634e-03  -6.41e-02  4.70e-09    5.419456e-01   6.882929e-03   1.081764e-01   1.828516e-02

After 8 iterations the fit converged.
final sum of squares of residuals : 0.00236748
rel. change during last iteration : -6.41338e-07

degrees of freedom    (FIT_NDF)                        : 237
rms of residuals      (FIT_STDFIT) = sqrt(WSSR/ndf)    : 0.0031606
variance of residuals (reduced chisquare) = WSSR/ndf   : 9.98937e-06

Final set of parameters            Asymptotic Standard Error
=======================            ==========================
a               = 0.541946         +/- 0.0003705    (0.06837%)
b               = 0.00688293       +/- 0.000324     (4.707%)
dal             = 0.108176         +/- 0.0002803    (0.2591%)
dag             = 0.0182852        +/- 0.0003266    (1.786%)

correlation matrix of the fit parameters:
                a      b      dal    dag    
a               1.000 
b              -0.008  1.000 
dal            -0.171  0.160  1.000 
dag            -0.199 -0.179 -0.017  1.000 


*******************************************************************************
Sat Nov 19 12:08:52 2022


FIT:    data read from 'density/density/L100T1.0E1.05CD0.008/lan139369-lbn557475-lcn5620-ran3899-rbn15596-rcn157.density' u 1:3
        format = x:z
        x range restricted to [0.200000 : 0.800000]
        #datapoints = 241
        residuals are weighted equally (unit weight)

function used for fitting: db(x)
	db(x) = (dbl+dbg)/2 - ((dbl-dbg)/2)*tanh((x-c)/(2*d))
fitted parameters initialized with current variable values

iter      chisq       delta/lim  lambda   c             d             dbl           dbg          
   0 5.1088423737e+00   0.00e+00  4.70e-01    5.000000e-01   6.000000e-03   3.000000e-01   3.000000e-02
   6 8.6691761797e-02  -1.32e-01  4.70e-07    5.396715e-01   6.717336e-03   4.484446e-01   5.738096e-02

After 6 iterations the fit converged.
final sum of squares of residuals : 0.0866918
rel. change during last iteration : -1.31947e-06

degrees of freedom    (FIT_NDF)                        : 237
rms of residuals      (FIT_STDFIT) = sqrt(WSSR/ndf)    : 0.0191256
variance of residuals (reduced chisquare) = WSSR/ndf   : 0.000365788

Final set of parameters            Asymptotic Standard Error
=======================            ==========================
c               = 0.539672         +/- 0.0005087    (0.09426%)
d               = 0.00671734       +/- 0.0004449    (6.623%)
dbl             = 0.448445         +/- 0.001701     (0.3792%)
dbg             = 0.057381         +/- 0.001965     (3.424%)

correlation matrix of the fit parameters:
                c      d      dbl    dbg    
c               1.000 
d              -0.009  1.000 
dbl            -0.170  0.159  1.000 
dbg            -0.196 -0.176 -0.016  1.000 


*******************************************************************************
Sat Nov 19 12:08:52 2022


FIT:    data read from 'density/density/L100T1.0E1.05CD0.008/lan13937-lbn682907-lcn5620-ran390-rbn19105-rcn157.density' u 1:2
        format = x:z
        x range restricted to [0.200000 : 0.800000]
        #datapoints = 241
        residuals are weighted equally (unit weight)

function used for fitting: da(x)
	da(x) = (dal+dag)/2 - ((dal-dag)/2)*tanh((x-a)/(2*b))
fitted parameters initialized with current variable values

iter      chisq       delta/lim  lambda   a             b             dal           dag          
   0 9.9455534229e+00   0.00e+00  4.70e-01    5.000000e-01   6.000000e-03   3.000000e-01   3.000000e-02
  10 4.0555716994e-06  -3.57e-01  4.70e-08    5.175910e-01   4.951674e-03   1.152277e-02   2.050164e-03

After 10 iterations the fit converged.
final sum of squares of residuals : 4.05557e-06
rel. change during last iteration : -3.56946e-06

degrees of freedom    (FIT_NDF)                        : 237
rms of residuals      (FIT_STDFIT) = sqrt(WSSR/ndf)    : 0.000130813
variance of residuals (reduced chisquare) = WSSR/ndf   : 1.71121e-08

Final set of parameters            Asymptotic Standard Error
=======================            ==========================
a               = 0.517591         +/- 0.0001221    (0.02359%)
b               = 0.00495167       +/- 0.000107     (2.161%)
dal             = 0.0115228        +/- 1.193e-05    (0.1035%)
dag             = 0.00205016       +/- 1.269e-05    (0.6191%)

correlation matrix of the fit parameters:
                a      b      dal    dag    
a               1.000 
b              -0.020  1.000 
dal            -0.152  0.141  1.000 
dag            -0.161 -0.142 -0.012  1.000 


*******************************************************************************
Sat Nov 19 12:08:52 2022


FIT:    data read from 'density/density/L100T1.0E1.05CD0.008/lan13937-lbn682907-lcn5620-ran390-rbn19105-rcn157.density' u 1:3
        format = x:z
        x range restricted to [0.200000 : 0.800000]
        #datapoints = 241
        residuals are weighted equally (unit weight)

function used for fitting: db(x)
	db(x) = (dbl+dbg)/2 - ((dbl-dbg)/2)*tanh((x-c)/(2*d))
fitted parameters initialized with current variable values

iter      chisq       delta/lim  lambda   c             d             dbl           dbg          
   0 1.2748029212e+01   0.00e+00  4.70e-01    5.000000e-01   6.000000e-03   3.000000e-01   3.000000e-02
   6 2.0202719629e-02  -3.58e-01  4.70e-07    5.130449e-01   5.655153e-03   6.097881e-01   5.734534e-02

After 6 iterations the fit converged.
final sum of squares of residuals : 0.0202027
rel. change during last iteration : -3.58399e-06

degrees of freedom    (FIT_NDF)                        : 237
rms of residuals      (FIT_STDFIT) = sqrt(WSSR/ndf)    : 0.00923274
variance of residuals (reduced chisquare) = WSSR/ndf   : 8.52435e-05

Final set of parameters            Asymptotic Standard Error
=======================            ==========================
c               = 0.513045         +/- 0.0001585    (0.0309%)
d               = 0.00565515       +/- 0.0001388    (2.454%)
dbl             = 0.609788         +/- 0.0008521    (0.1397%)
dbg             = 0.0573453        +/- 0.0008926    (1.557%)

correlation matrix of the fit parameters:
                c      d      dbl    dbg    
c               1.000 
d              -0.018  1.000 
dbl            -0.163  0.152  1.000 
dbg            -0.170 -0.152 -0.013  1.000 


*******************************************************************************
Sat Nov 19 12:08:53 2022


FIT:    data read from 'density/density/L100T1.0E1.05CD0.008/lan153306-lbn543538-lcn5620-ran4289-rbn15206-rcn157.density' u 1:2
        format = x:z
        x range restricted to [0.200000 : 0.800000]
        #datapoints = 241
        residuals are weighted equally (unit weight)

function used for fitting: da(x)
	da(x) = (dal+dag)/2 - ((dal-dag)/2)*tanh((x-a)/(2*b))
fitted parameters initialized with current variable values

iter      chisq       delta/lim  lambda   a             b             dal           dag          
   0 3.7698704955e+00   0.00e+00  4.70e-01    5.000000e-01   6.000000e-03   3.000000e-01   3.000000e-02
   7 1.0216279444e-03   0.00e+00  4.70e+04    5.371626e-01   6.656161e-03   1.216227e-01   1.943112e-02

After 7 iterations the fit converged.
final sum of squares of residuals : 0.00102163
rel. change during last iteration : 0

degrees of freedom    (FIT_NDF)                        : 237
rms of residuals      (FIT_STDFIT) = sqrt(WSSR/ndf)    : 0.00207621
variance of residuals (reduced chisquare) = WSSR/ndf   : 4.31067e-06

Final set of parameters            Asymptotic Standard Error
=======================            ==========================
a               = 0.537163         +/- 0.0002103    (0.03914%)
b               = 0.00665616       +/- 0.0001839    (2.763%)
dal             = 0.121623         +/- 0.0001853    (0.1523%)
dag             = 0.0194311        +/- 0.000212     (1.091%)

correlation matrix of the fit parameters:
                a      b      dal    dag    
a               1.000 
b              -0.010  1.000 
dal            -0.169  0.159  1.000 
dag            -0.194 -0.174 -0.016  1.000 


*******************************************************************************
Sat Nov 19 12:08:53 2022


FIT:    data read from 'density/density/L100T1.0E1.05CD0.008/lan153306-lbn543538-lcn5620-ran4289-rbn15206-rcn157.density' u 1:3
        format = x:z
        x range restricted to [0.200000 : 0.800000]
        #datapoints = 241
        residuals are weighted equally (unit weight)

function used for fitting: db(x)
	db(x) = (dbl+dbg)/2 - ((dbl-dbg)/2)*tanh((x-c)/(2*d))
fitted parameters initialized with current variable values

iter      chisq       delta/lim  lambda   c             d             dbl           dbg          
   0 4.6082042882e+00   0.00e+00  4.70e-01    5.000000e-01   6.000000e-03   3.000000e-01   3.000000e-02
   5 2.4972350795e-02   0.00e+00  4.70e+05    5.353319e-01   6.320282e-03   4.459878e-01   5.645762e-02

After 5 iterations the fit converged.
final sum of squares of residuals : 0.0249724
rel. change during last iteration : 0

degrees of freedom    (FIT_NDF)                        : 237
rms of residuals      (FIT_STDFIT) = sqrt(WSSR/ndf)    : 0.0102649
variance of residuals (reduced chisquare) = WSSR/ndf   : 0.000105369

Final set of parameters            Asymptotic Standard Error
=======================            ==========================
c               = 0.535332         +/- 0.0002653    (0.04955%)
d               = 0.00632028       +/- 0.0002321    (3.672%)
dbl             = 0.445988         +/- 0.0009169    (0.2056%)
dbg             = 0.0564576        +/- 0.001042     (1.845%)

correlation matrix of the fit parameters:
                c      d      dbl    dbg    
c               1.000 
d              -0.012  1.000 
dbl            -0.166  0.155  1.000 
dbg            -0.188 -0.168 -0.015  1.000 


*******************************************************************************
Sat Nov 19 12:08:53 2022


FIT:    data read from 'density/density/L100T1.0E1.05CD0.008/lan167243-lbn529601-lcn5620-ran4679-rbn14816-rcn157.density' u 1:2
        format = x:z
        x range restricted to [0.200000 : 0.800000]
        #datapoints = 241
        residuals are weighted equally (unit weight)

function used for fitting: da(x)
	da(x) = (dal+dag)/2 - ((dal-dag)/2)*tanh((x-a)/(2*b))
fitted parameters initialized with current variable values

iter      chisq       delta/lim  lambda   a             b             dal           dag          
   0 3.2531637459e+00   0.00e+00  4.70e-01    5.000000e-01   6.000000e-03   3.000000e-01   3.000000e-02
   7 1.9118858610e-04  -5.40e-02  4.70e-08    5.330956e-01   7.287760e-03   1.342247e-01   2.119114e-02

After 7 iterations the fit converged.
final sum of squares of residuals : 0.000191189
rel. change during last iteration : -5.39538e-07

degrees of freedom    (FIT_NDF)                        : 237
rms of residuals      (FIT_STDFIT) = sqrt(WSSR/ndf)    : 0.000898166
variance of residuals (reduced chisquare) = WSSR/ndf   : 8.06703e-07

Final set of parameters            Asymptotic Standard Error
=======================            ==========================
a               = 0.533096         +/- 8.633e-05    (0.01619%)
b               = 0.00728776       +/- 7.547e-05    (1.036%)
dal             = 0.134225         +/- 8.099e-05    (0.06034%)
dag             = 0.0211911        +/- 9.14e-05     (0.4313%)

correlation matrix of the fit parameters:
                a      b      dal    dag    
a               1.000 
b              -0.008  1.000 
dal            -0.178  0.167  1.000 
dag            -0.201 -0.181 -0.018  1.000 


*******************************************************************************
Sat Nov 19 12:08:53 2022


FIT:    data read from 'density/density/L100T1.0E1.05CD0.008/lan167243-lbn529601-lcn5620-ran4679-rbn14816-rcn157.density' u 1:3
        format = x:z
        x range restricted to [0.200000 : 0.800000]
        #datapoints = 241
        residuals are weighted equally (unit weight)

function used for fitting: db(x)
	db(x) = (dbl+dbg)/2 - ((dbl-dbg)/2)*tanh((x-c)/(2*d))
fitted parameters initialized with current variable values

iter      chisq       delta/lim  lambda   c             d             dbl           dbg          
   0 3.9562980572e+00   0.00e+00  4.70e-01    5.000000e-01   6.000000e-03   3.000000e-01   3.000000e-02
   5 2.3111273446e-03  -1.45e-01  4.70e-06    5.314806e-01   6.887415e-03   4.388650e-01   5.538025e-02

After 5 iterations the fit converged.
final sum of squares of residuals : 0.00231113
rel. change during last iteration : -1.44918e-06

degrees of freedom    (FIT_NDF)                        : 237
rms of residuals      (FIT_STDFIT) = sqrt(WSSR/ndf)    : 0.00312275
variance of residuals (reduced chisquare) = WSSR/ndf   : 9.75159e-06

Final set of parameters            Asymptotic Standard Error
=======================            ==========================
c               = 0.531481         +/- 8.582e-05    (0.01615%)
d               = 0.00688741       +/- 7.505e-05    (1.09%)
dbl             = 0.438865         +/- 0.0002816    (0.06417%)
dbg             = 0.0553803        +/- 0.0003158    (0.5702%)

correlation matrix of the fit parameters:
                c      d      dbl    dbg    
c               1.000 
d              -0.010  1.000 
dbl            -0.174  0.163  1.000 
dbg            -0.195 -0.175 -0.017  1.000 


*******************************************************************************
Sat Nov 19 12:08:53 2022


FIT:    data read from 'density/density/L100T1.0E1.05CD0.008/lan181179-lbn515665-lcn5620-ran5069-rbn14426-rcn157.density' u 1:2
        format = x:z
        x range restricted to [0.200000 : 0.800000]
        #datapoints = 241
        residuals are weighted equally (unit weight)

function used for fitting: da(x)
	da(x) = (dal+dag)/2 - ((dal-dag)/2)*tanh((x-a)/(2*b))
fitted parameters initialized with current variable values

iter      chisq       delta/lim  lambda   a             b             dal           dag          
   0 2.8890153197e+00   0.00e+00  4.70e-01    5.000000e-01   6.000000e-03   3.000000e-01   3.000000e-02
   7 1.1424389268e-04  -1.98e-02  4.70e-08    5.347011e-01   7.085200e-03   1.444058e-01   2.262037e-02

After 7 iterations the fit converged.
final sum of squares of residuals : 0.000114244
rel. change during last iteration : -1.98063e-07

degrees of freedom    (FIT_NDF)                        : 237
rms of residuals      (FIT_STDFIT) = sqrt(WSSR/ndf)    : 0.000694292
variance of residuals (reduced chisquare) = WSSR/ndf   : 4.82042e-07

Final set of parameters            Asymptotic Standard Error
=======================            ==========================
a               = 0.534701         +/- 6.101e-05    (0.01141%)
b               = 0.0070852        +/- 5.334e-05    (0.7528%)
dal             = 0.144406         +/- 6.236e-05    (0.04319%)
dag             = 0.0226204        +/- 7.078e-05    (0.3129%)

correlation matrix of the fit parameters:
                a      b      dal    dag    
a               1.000 
b              -0.009  1.000 
dal            -0.175  0.164  1.000 
dag            -0.199 -0.179 -0.017  1.000 


*******************************************************************************
Sat Nov 19 12:08:53 2022


FIT:    data read from 'density/density/L100T1.0E1.05CD0.008/lan181179-lbn515665-lcn5620-ran5069-rbn14426-rcn157.density' u 1:3
        format = x:z
        x range restricted to [0.200000 : 0.800000]
        #datapoints = 241
        residuals are weighted equally (unit weight)

function used for fitting: db(x)
	db(x) = (dbl+dbg)/2 - ((dbl-dbg)/2)*tanh((x-c)/(2*d))
fitted parameters initialized with current variable values

iter      chisq       delta/lim  lambda   c             d             dbl           dbg          
   0 3.5144100148e+00   0.00e+00  4.70e-01    5.000000e-01   6.000000e-03   3.000000e-01   3.000000e-02
   6 1.8358085936e-03  -9.44e-02  4.70e-07    5.329409e-01   6.883030e-03   4.256817e-01   5.517531e-02

After 6 iterations the fit converged.
final sum of squares of residuals : 0.00183581
rel. change during last iteration : -9.4353e-07

degrees of freedom    (FIT_NDF)                        : 237
rms of residuals      (FIT_STDFIT) = sqrt(WSSR/ndf)    : 0.00278317
variance of residuals (reduced chisquare) = WSSR/ndf   : 7.74603e-06

Final set of parameters            Asymptotic Standard Error
=======================            ==========================
c               = 0.532941         +/- 7.914e-05    (0.01485%)
d               = 0.00688303       +/- 6.921e-05    (1.005%)
dbl             = 0.425682         +/- 0.0002504    (0.05882%)
dbg             = 0.0551753        +/- 0.0002823    (0.5116%)

correlation matrix of the fit parameters:
                c      d      dbl    dbg    
c               1.000 
d              -0.010  1.000 
dbl            -0.173  0.162  1.000 
dbg            -0.195 -0.176 -0.017  1.000 


*******************************************************************************
Sat Nov 19 12:08:53 2022


FIT:    data read from 'density/density/L100T1.0E1.05CD0.008/lan195116-lbn501728-lcn5620-ran5459-rbn14036-rcn157.density' u 1:2
        format = x:z
        x range restricted to [0.200000 : 0.800000]
        #datapoints = 241
        residuals are weighted equally (unit weight)

function used for fitting: da(x)
	da(x) = (dal+dag)/2 - ((dal-dag)/2)*tanh((x-a)/(2*b))
fitted parameters initialized with current variable values

iter      chisq       delta/lim  lambda   a             b             dal           dag          
   0 2.5192795133e+00   0.00e+00  4.70e-01    5.000000e-01   6.000000e-03   3.000000e-01   3.000000e-02
   7 1.1673410579e-04  -4.95e-03  4.70e-08    5.351681e-01   7.501622e-03   1.555403e-01   2.409373e-02

After 7 iterations the fit converged.
final sum of squares of residuals : 0.000116734
rel. change during last iteration : -4.94551e-08

degrees of freedom    (FIT_NDF)                        : 237
rms of residuals      (FIT_STDFIT) = sqrt(WSSR/ndf)    : 0.000701818
variance of residuals (reduced chisquare) = WSSR/ndf   : 4.92549e-07

Final set of parameters            Asymptotic Standard Error
=======================            ==========================
a               = 0.535168         +/- 5.893e-05    (0.01101%)
b               = 0.00750162       +/- 5.15e-05     (0.6865%)
dal             = 0.15554          +/- 6.315e-05    (0.0406%)
dag             = 0.0240937        +/- 7.185e-05    (0.2982%)

correlation matrix of the fit parameters:
                a      b      dal    dag    
a               1.000 
b              -0.007  1.000 
dal            -0.180  0.169  1.000 
dag            -0.205 -0.185 -0.018  1.000 


*******************************************************************************
Sat Nov 19 12:08:53 2022


FIT:    data read from 'density/density/L100T1.0E1.05CD0.008/lan195116-lbn501728-lcn5620-ran5459-rbn14036-rcn157.density' u 1:3
        format = x:z
        x range restricted to [0.200000 : 0.800000]
        #datapoints = 241
        residuals are weighted equally (unit weight)

function used for fitting: db(x)
	db(x) = (dbl+dbg)/2 - ((dbl-dbg)/2)*tanh((x-c)/(2*d))
fitted parameters initialized with current variable values

iter      chisq       delta/lim  lambda   c             d             dbl           dbg          
   0 3.0029535272e+00   0.00e+00  4.70e-01    5.000000e-01   6.000000e-03   3.000000e-01   3.000000e-02
   6 2.2033264861e-03  -1.32e-01  4.70e-07    5.336294e-01   7.401854e-03   4.118109e-01   5.338888e-02

After 6 iterations the fit converged.
final sum of squares of residuals : 0.00220333
rel. change during last iteration : -1.32112e-06

degrees of freedom    (FIT_NDF)                        : 237
rms of residuals      (FIT_STDFIT) = sqrt(WSSR/ndf)    : 0.00304905
variance of residuals (reduced chisquare) = WSSR/ndf   : 9.29674e-06

Final set of parameters            Asymptotic Standard Error
=======================            ==========================
c               = 0.533629         +/- 9.32e-05     (0.01747%)
d               = 0.00740185       +/- 8.147e-05    (1.101%)
dbl             = 0.411811         +/- 0.0002749    (0.06675%)
dbg             = 0.0533889        +/- 0.0003109    (0.5823%)

correlation matrix of the fit parameters:
                c      d      dbl    dbg    
c               1.000 
d              -0.008  1.000 
dbl            -0.179  0.168  1.000 
dbg            -0.203 -0.183 -0.018  1.000 


*******************************************************************************
Sat Nov 19 12:08:53 2022


FIT:    data read from 'density/density/L100T1.0E1.05CD0.008/lan209053-lbn487791-lcn5620-ran5848-rbn13647-rcn157.density' u 1:2
        format = x:z
        x range restricted to [0.200000 : 0.800000]
        #datapoints = 241
        residuals are weighted equally (unit weight)

function used for fitting: da(x)
	da(x) = (dal+dag)/2 - ((dal-dag)/2)*tanh((x-a)/(2*b))
fitted parameters initialized with current variable values

iter      chisq       delta/lim  lambda   a             b             dal           dag          
   0 2.2054787044e+00   0.00e+00  4.70e-01    5.000000e-01   6.000000e-03   3.000000e-01   3.000000e-02
   7 2.7624928123e-04  -9.45e-04  4.70e-08    5.360262e-01   7.444908e-03   1.658373e-01   2.655306e-02

After 7 iterations the fit converged.
final sum of squares of residuals : 0.000276249
rel. change during last iteration : -9.45376e-09

degrees of freedom    (FIT_NDF)                        : 237
rms of residuals      (FIT_STDFIT) = sqrt(WSSR/ndf)    : 0.00107963
variance of residuals (reduced chisquare) = WSSR/ndf   : 1.16561e-06

Final set of parameters            Asymptotic Standard Error
=======================            ==========================
a               = 0.536026         +/- 8.52e-05     (0.01589%)
b               = 0.00744491       +/- 7.447e-05    (1%)
dal             = 0.165837         +/- 9.698e-05    (0.05848%)
dag             = 0.0265531        +/- 0.0001107    (0.4168%)

correlation matrix of the fit parameters:
                a      b      dal    dag    
a               1.000 
b              -0.007  1.000 
dal            -0.179  0.168  1.000 
dag            -0.205 -0.185 -0.018  1.000 


*******************************************************************************
Sat Nov 19 12:08:53 2022


FIT:    data read from 'density/density/L100T1.0E1.05CD0.008/lan209053-lbn487791-lcn5620-ran5848-rbn13647-rcn157.density' u 1:3
        format = x:z
        x range restricted to [0.200000 : 0.800000]
        #datapoints = 241
        residuals are weighted equally (unit weight)

function used for fitting: db(x)
	db(x) = (dbl+dbg)/2 - ((dbl-dbg)/2)*tanh((x-c)/(2*d))
fitted parameters initialized with current variable values

iter      chisq       delta/lim  lambda   c             d             dbl           dbg          
   0 2.6376922463e+00   0.00e+00  4.70e-01    5.000000e-01   6.000000e-03   3.000000e-01   3.000000e-02
   6 2.0035927670e-03  -5.71e-01  4.70e-07    5.346146e-01   7.167842e-03   3.988085e-01   5.382750e-02

After 6 iterations the fit converged.
final sum of squares of residuals : 0.00200359
rel. change during last iteration : -5.70672e-06

degrees of freedom    (FIT_NDF)                        : 237
rms of residuals      (FIT_STDFIT) = sqrt(WSSR/ndf)    : 0.00290757
variance of residuals (reduced chisquare) = WSSR/ndf   : 8.45398e-06

Final set of parameters            Asymptotic Standard Error
=======================            ==========================
c               = 0.534615         +/- 9.076e-05    (0.01698%)
d               = 0.00716784       +/- 7.935e-05    (1.107%)
dbl             = 0.398809         +/- 0.0002613    (0.06553%)
dbg             = 0.0538275        +/- 0.0002965    (0.5509%)

correlation matrix of the fit parameters:
                c      d      dbl    dbg    
c               1.000 
d              -0.008  1.000 
dbl            -0.176  0.165  1.000 
dbg            -0.200 -0.180 -0.017  1.000 


*******************************************************************************
Sat Nov 19 12:08:53 2022


FIT:    data read from 'density/density/L100T1.0E1.05CD0.008/lan222990-lbn473854-lcn5620-ran6238-rbn13257-rcn157.density' u 1:2
        format = x:z
        x range restricted to [0.200000 : 0.800000]
        #datapoints = 241
        residuals are weighted equally (unit weight)

function used for fitting: da(x)
	da(x) = (dal+dag)/2 - ((dal-dag)/2)*tanh((x-a)/(2*b))
fitted parameters initialized with current variable values

iter      chisq       delta/lim  lambda   a             b             dal           dag          
   0 1.9402442158e+00   0.00e+00  4.70e-01    5.000000e-01   6.000000e-03   3.000000e-01   3.000000e-02
   7 9.5448419292e-05  -2.34e-02  4.70e-08    5.400582e-01   7.318754e-03   1.765592e-01   2.725423e-02

After 7 iterations the fit converged.
final sum of squares of residuals : 9.54484e-05
rel. change during last iteration : -2.33669e-07

degrees of freedom    (FIT_NDF)                        : 237
rms of residuals      (FIT_STDFIT) = sqrt(WSSR/ndf)    : 0.000634615
variance of residuals (reduced chisquare) = WSSR/ndf   : 4.02736e-07

Final set of parameters            Asymptotic Standard Error
=======================            ==========================
a               = 0.540058         +/- 4.63e-05     (0.008573%)
b               = 0.00731875       +/- 4.047e-05    (0.5529%)
dal             = 0.176559         +/- 5.659e-05    (0.03205%)
dag             = 0.0272542        +/- 6.555e-05    (0.2405%)

correlation matrix of the fit parameters:
                a      b      dal    dag    
a               1.000 
b              -0.007  1.000 
dal            -0.176  0.166  1.000 
dag            -0.205 -0.184 -0.018  1.000 


*******************************************************************************
Sat Nov 19 12:08:53 2022


FIT:    data read from 'density/density/L100T1.0E1.05CD0.008/lan222990-lbn473854-lcn5620-ran6238-rbn13257-rcn157.density' u 1:3
        format = x:z
        x range restricted to [0.200000 : 0.800000]
        #datapoints = 241
        residuals are weighted equally (unit weight)

function used for fitting: db(x)
	db(x) = (dbl+dbg)/2 - ((dbl-dbg)/2)*tanh((x-c)/(2*d))
fitted parameters initialized with current variable values

iter      chisq       delta/lim  lambda   c             d             dbl           dbg          
   0 2.4191772856e+00   0.00e+00  4.70e-01    5.000000e-01   6.000000e-03   3.000000e-01   3.000000e-02
   7 1.6479156212e-03  -2.63e-11  4.70e+04    5.390307e-01   6.965166e-03   3.843886e-01   5.226316e-02

After 7 iterations the fit converged.
final sum of squares of residuals : 0.00164792
rel. change during last iteration : -2.63169e-16

degrees of freedom    (FIT_NDF)                        : 237
rms of residuals      (FIT_STDFIT) = sqrt(WSSR/ndf)    : 0.0026369
variance of residuals (reduced chisquare) = WSSR/ndf   : 6.95323e-06

Final set of parameters            Asymptotic Standard Error
=======================            ==========================
c               = 0.539031         +/- 8.42e-05     (0.01562%)
d               = 0.00696517       +/- 7.362e-05    (1.057%)
dbl             = 0.384389         +/- 0.0002351    (0.06115%)
dbg             = 0.0522632        +/- 0.000271     (0.5186%)

correlation matrix of the fit parameters:
                c      d      dbl    dbg    
c               1.000 
d              -0.008  1.000 
dbl            -0.173  0.162  1.000 
dbg            -0.199 -0.179 -0.017  1.000 


*******************************************************************************
Sat Nov 19 12:08:54 2022


FIT:    data read from 'density/density/L100T1.0E1.05CD0.008/lan236927-lbn459917-lcn5620-ran6628-rbn12867-rcn157.density' u 1:2
        format = x:z
        x range restricted to [0.200000 : 0.800000]
        #datapoints = 241
        residuals are weighted equally (unit weight)

function used for fitting: da(x)
	da(x) = (dal+dag)/2 - ((dal-dag)/2)*tanh((x-a)/(2*b))
fitted parameters initialized with current variable values

iter      chisq       delta/lim  lambda   a             b             dal           dag          
   0 1.6570793050e+00   0.00e+00  4.70e-01    5.000000e-01   6.000000e-03   3.000000e-01   3.000000e-02
   7 9.4261265509e-05  -6.96e-03  4.70e-08    5.388507e-01   7.476099e-03   1.877922e-01   2.929093e-02

After 7 iterations the fit converged.
final sum of squares of residuals : 9.42613e-05
rel. change during last iteration : -6.96489e-08

degrees of freedom    (FIT_NDF)                        : 237
rms of residuals      (FIT_STDFIT) = sqrt(WSSR/ndf)    : 0.000630656
variance of residuals (reduced chisquare) = WSSR/ndf   : 3.97727e-07

Final set of parameters            Asymptotic Standard Error
=======================            ==========================
a               = 0.538851         +/- 4.384e-05    (0.008135%)
b               = 0.0074761        +/- 3.831e-05    (0.5125%)
dal             = 0.187792         +/- 5.64e-05     (0.03003%)
dag             = 0.0292909        +/- 6.505e-05    (0.2221%)

correlation matrix of the fit parameters:
                a      b      dal    dag    
a               1.000 
b              -0.006  1.000 
dal            -0.179  0.168  1.000 
dag            -0.206 -0.186 -0.018  1.000 


*******************************************************************************
Sat Nov 19 12:08:54 2022


FIT:    data read from 'density/density/L100T1.0E1.05CD0.008/lan236927-lbn459917-lcn5620-ran6628-rbn12867-rcn157.density' u 1:3
        format = x:z
        x range restricted to [0.200000 : 0.800000]
        #datapoints = 241
        residuals are weighted equally (unit weight)

function used for fitting: db(x)
	db(x) = (dbl+dbg)/2 - ((dbl-dbg)/2)*tanh((x-c)/(2*d))
fitted parameters initialized with current variable values

iter      chisq       delta/lim  lambda   c             d             dbl           dbg          
   0 1.9741876335e+00   0.00e+00  4.70e-01    5.000000e-01   6.000000e-03   3.000000e-01   3.000000e-02
   7 1.3272927478e-03   0.00e+00  4.70e+04    5.375359e-01   7.220817e-03   3.715387e-01   5.164904e-02

After 7 iterations the fit converged.
final sum of squares of residuals : 0.00132729
rel. change during last iteration : 0

degrees of freedom    (FIT_NDF)                        : 237
rms of residuals      (FIT_STDFIT) = sqrt(WSSR/ndf)    : 0.00236651
variance of residuals (reduced chisquare) = WSSR/ndf   : 5.60039e-06

Final set of parameters            Asymptotic Standard Error
=======================            ==========================
c               = 0.537536         +/- 7.999e-05    (0.01488%)
d               = 0.00722082       +/- 6.993e-05    (0.9684%)
dbl             = 0.371539         +/- 0.0002118    (0.057%)
dbg             = 0.051649         +/- 0.0002429    (0.4704%)

correlation matrix of the fit parameters:
                c      d      dbl    dbg    
c               1.000 
d              -0.008  1.000 
dbl            -0.176  0.165  1.000 
dbg            -0.202 -0.182 -0.018  1.000 


*******************************************************************************
Sat Nov 19 12:08:54 2022


FIT:    data read from 'density/density/L100T1.0E1.05CD0.008/lan250864-lbn445980-lcn5620-ran7018-rbn12477-rcn157.density' u 1:2
        format = x:z
        x range restricted to [0.200000 : 0.800000]
        #datapoints = 241
        residuals are weighted equally (unit weight)

function used for fitting: da(x)
	da(x) = (dal+dag)/2 - ((dal-dag)/2)*tanh((x-a)/(2*b))
fitted parameters initialized with current variable values

iter      chisq       delta/lim  lambda   a             b             dal           dag          
   0 1.4416722997e+00   0.00e+00  4.70e-01    5.000000e-01   6.000000e-03   3.000000e-01   3.000000e-02
   7 1.3139232526e-04  -2.73e-02  4.70e-08    5.403712e-01   7.954429e-03   1.981757e-01   3.069560e-02

After 7 iterations the fit converged.
final sum of squares of residuals : 0.000131392
rel. change during last iteration : -2.73364e-07

degrees of freedom    (FIT_NDF)                        : 237
rms of residuals      (FIT_STDFIT) = sqrt(WSSR/ndf)    : 0.000744579
variance of residuals (reduced chisquare) = WSSR/ndf   : 5.54398e-07

Final set of parameters            Asymptotic Standard Error
=======================            ==========================
a               = 0.540371         +/- 5.066e-05    (0.009375%)
b               = 0.00795443       +/- 4.426e-05    (0.5564%)
dal             = 0.198176         +/- 6.662e-05    (0.03362%)
dag             = 0.0306956        +/- 7.734e-05    (0.252%)

correlation matrix of the fit parameters:
                a      b      dal    dag    
a               1.000 
b              -0.004  1.000 
dal            -0.184  0.173  1.000 
dag            -0.214 -0.193 -0.020  1.000 


*******************************************************************************
Sat Nov 19 12:08:54 2022


FIT:    data read from 'density/density/L100T1.0E1.05CD0.008/lan250864-lbn445980-lcn5620-ran7018-rbn12477-rcn157.density' u 1:3
        format = x:z
        x range restricted to [0.200000 : 0.800000]
        #datapoints = 241
        residuals are weighted equally (unit weight)

function used for fitting: db(x)
	db(x) = (dbl+dbg)/2 - ((dbl-dbg)/2)*tanh((x-c)/(2*d))
fitted parameters initialized with current variable values

iter      chisq       delta/lim  lambda   c             d             dbl           dbg          
   0 1.7567495029e+00   0.00e+00  4.70e-01    5.000000e-01   6.000000e-03   3.000000e-01   3.000000e-02
   7 5.9252853792e-04  -1.28e-10  4.70e+04    5.396387e-01   7.450084e-03   3.592547e-01   5.120562e-02

After 7 iterations the fit converged.
final sum of squares of residuals : 0.000592529
rel. change during last iteration : -1.28085e-15

degrees of freedom    (FIT_NDF)                        : 237
rms of residuals      (FIT_STDFIT) = sqrt(WSSR/ndf)    : 0.00158118
variance of residuals (reduced chisquare) = WSSR/ndf   : 2.50012e-06

Final set of parameters            Asymptotic Standard Error
=======================            ==========================
c               = 0.539639         +/- 5.645e-05    (0.01046%)
d               = 0.00745008       +/- 4.934e-05    (0.6622%)
dbl             = 0.359255         +/- 0.0001412    (0.03931%)
dbg             = 0.0512056        +/- 0.0001633    (0.319%)

correlation matrix of the fit parameters:
                c      d      dbl    dbg    
c               1.000 
d              -0.006  1.000 
dbl            -0.178  0.167  1.000 
dbg            -0.206 -0.186 -0.018  1.000 


*******************************************************************************
Sat Nov 19 12:08:54 2022


FIT:    data read from 'density/density/L100T1.0E1.05CD0.008/lan264801-lbn432043-lcn5620-ran7408-rbn12087-rcn157.density' u 1:2
        format = x:z
        x range restricted to [0.200000 : 0.800000]
        #datapoints = 241
        residuals are weighted equally (unit weight)

function used for fitting: da(x)
	da(x) = (dal+dag)/2 - ((dal-dag)/2)*tanh((x-a)/(2*b))
fitted parameters initialized with current variable values

iter      chisq       delta/lim  lambda   a             b             dal           dag          
   0 1.2485489620e+00   0.00e+00  4.70e-01    5.000000e-01   6.000000e-03   3.000000e-01   3.000000e-02
   7 2.2183972674e-04  -3.49e-05  4.70e+00    5.403178e-01   7.666444e-03   2.087197e-01   3.168447e-02

After 7 iterations the fit converged.
final sum of squares of residuals : 0.00022184
rel. change during last iteration : -3.48669e-10

degrees of freedom    (FIT_NDF)                        : 237
rms of residuals      (FIT_STDFIT) = sqrt(WSSR/ndf)    : 0.000967488
variance of residuals (reduced chisquare) = WSSR/ndf   : 9.36033e-07

Final set of parameters            Asymptotic Standard Error
=======================            ==========================
a               = 0.540318         +/- 6.104e-05    (0.0113%)
b               = 0.00766644       +/- 5.334e-05    (0.6957%)
dal             = 0.20872          +/- 8.642e-05    (0.04141%)
dag             = 0.0316845        +/- 0.0001003    (0.3164%)

correlation matrix of the fit parameters:
                a      b      dal    dag    
a               1.000 
b              -0.005  1.000 
dal            -0.180  0.170  1.000 
dag            -0.210 -0.189 -0.019  1.000 


*******************************************************************************
Sat Nov 19 12:08:54 2022


FIT:    data read from 'density/density/L100T1.0E1.05CD0.008/lan264801-lbn432043-lcn5620-ran7408-rbn12087-rcn157.density' u 1:3
        format = x:z
        x range restricted to [0.200000 : 0.800000]
        #datapoints = 241
        residuals are weighted equally (unit weight)

function used for fitting: db(x)
	db(x) = (dbl+dbg)/2 - ((dbl-dbg)/2)*tanh((x-c)/(2*d))
fitted parameters initialized with current variable values

iter      chisq       delta/lim  lambda   c             d             dbl           dbg          
   0 1.5025178330e+00   0.00e+00  4.70e-01    5.000000e-01   6.000000e-03   3.000000e-01   3.000000e-02
   7 9.3867107808e-04   0.00e+00  4.70e+04    5.394699e-01   7.267711e-03   3.479572e-01   4.976287e-02

After 7 iterations the fit converged.
final sum of squares of residuals : 0.000938671
rel. change during last iteration : 0

degrees of freedom    (FIT_NDF)                        : 237
rms of residuals      (FIT_STDFIT) = sqrt(WSSR/ndf)    : 0.00199014
variance of residuals (reduced chisquare) = WSSR/ndf   : 3.96064e-06

Final set of parameters            Asymptotic Standard Error
=======================            ==========================
c               = 0.53947          +/- 7.242e-05    (0.01342%)
d               = 0.00726771       +/- 6.33e-05     (0.871%)
dbl             = 0.347957         +/- 0.0001776    (0.05104%)
dbg             = 0.0497629        +/- 0.0002052    (0.4124%)

correlation matrix of the fit parameters:
                c      d      dbl    dbg    
c               1.000 
d              -0.007  1.000 
dbl            -0.176  0.165  1.000 
dbg            -0.204 -0.183 -0.018  1.000 


*******************************************************************************
Sat Nov 19 12:08:55 2022


FIT:    data read from 'density/density/L100T1.0E1.05CD0.008/lan278738-lbn418106-lcn5620-ran7798-rbn11697-rcn157.density' u 1:2
        format = x:z
        x range restricted to [0.200000 : 0.800000]
        #datapoints = 241
        residuals are weighted equally (unit weight)

function used for fitting: da(x)
	da(x) = (dal+dag)/2 - ((dal-dag)/2)*tanh((x-a)/(2*b))
fitted parameters initialized with current variable values

iter      chisq       delta/lim  lambda   a             b             dal           dag          
   0 1.1419759142e+00   0.00e+00  4.70e-01    5.000000e-01   6.000000e-03   3.000000e-01   3.000000e-02
   8 1.9157227753e-04  -3.60e-02  4.70e-09    5.440600e-01   7.781029e-03   2.195845e-01   3.337908e-02

After 8 iterations the fit converged.
final sum of squares of residuals : 0.000191572
rel. change during last iteration : -3.60045e-07

degrees of freedom    (FIT_NDF)                        : 237
rms of residuals      (FIT_STDFIT) = sqrt(WSSR/ndf)    : 0.000899067
variance of residuals (reduced chisquare) = WSSR/ndf   : 8.08322e-07

Final set of parameters            Asymptotic Standard Error
=======================            ==========================
a               = 0.54406          +/- 5.437e-05    (0.009994%)
b               = 0.00778103       +/- 4.751e-05    (0.6106%)
dal             = 0.219584         +/- 7.989e-05    (0.03638%)
dag             = 0.0333791        +/- 9.401e-05    (0.2817%)

correlation matrix of the fit parameters:
                a      b      dal    dag    
a               1.000 
b              -0.004  1.000 
dal            -0.180  0.170  1.000 
dag            -0.213 -0.192 -0.019  1.000 


*******************************************************************************
Sat Nov 19 12:08:55 2022


FIT:    data read from 'density/density/L100T1.0E1.05CD0.008/lan278738-lbn418106-lcn5620-ran7798-rbn11697-rcn157.density' u 1:3
        format = x:z
        x range restricted to [0.200000 : 0.800000]
        #datapoints = 241
        residuals are weighted equally (unit weight)

function used for fitting: db(x)
	db(x) = (dbl+dbg)/2 - ((dbl-dbg)/2)*tanh((x-c)/(2*d))
fitted parameters initialized with current variable values

iter      chisq       delta/lim  lambda   c             d             dbl           dbg          
   0 1.3632521183e+00   0.00e+00  4.70e-01    5.000000e-01   6.000000e-03   3.000000e-01   3.000000e-02
   7 3.2897921233e-04  -3.79e-10  4.70e+03    5.430593e-01   7.867431e-03   3.349949e-01   4.832789e-02

After 7 iterations the fit converged.
final sum of squares of residuals : 0.000328979
rel. change during last iteration : -3.79e-15

degrees of freedom    (FIT_NDF)                        : 237
rms of residuals      (FIT_STDFIT) = sqrt(WSSR/ndf)    : 0.00117818
variance of residuals (reduced chisquare) = WSSR/ndf   : 1.3881e-06

Final set of parameters            Asymptotic Standard Error
=======================            ==========================
c               = 0.543059         +/- 4.656e-05    (0.008574%)
d               = 0.00786743       +/- 4.068e-05    (0.517%)
dbl             = 0.334995         +/- 0.0001049    (0.03132%)
dbg             = 0.0483279        +/- 0.000123     (0.2545%)

correlation matrix of the fit parameters:
                c      d      dbl    dbg    
c               1.000 
d              -0.004  1.000 
dbl            -0.182  0.171  1.000 
dbg            -0.214 -0.193 -0.019  1.000 


*******************************************************************************
Sat Nov 19 12:08:55 2022


FIT:    data read from 'density/density/L100T1.0E1.05CD0.008/lan27874-lbn668970-lcn5620-ran780-rbn18715-rcn157.density' u 1:2
        format = x:z
        x range restricted to [0.200000 : 0.800000]
        #datapoints = 241
        residuals are weighted equally (unit weight)

function used for fitting: da(x)
	da(x) = (dal+dag)/2 - ((dal-dag)/2)*tanh((x-a)/(2*b))
fitted parameters initialized with current variable values

iter      chisq       delta/lim  lambda   a             b             dal           dag          
   0 9.2254124527e+00   0.00e+00  4.70e-01    5.000000e-01   6.000000e-03   3.000000e-01   3.000000e-02
   8 1.7930761140e-04  -1.51e-01  4.70e-09    5.308979e-01   4.846475e-03   2.186517e-02   3.858094e-03

After 8 iterations the fit converged.
final sum of squares of residuals : 0.000179308
rel. change during last iteration : -1.50936e-06

degrees of freedom    (FIT_NDF)                        : 237
rms of residuals      (FIT_STDFIT) = sqrt(WSSR/ndf)    : 0.000869812
variance of residuals (reduced chisquare) = WSSR/ndf   : 7.56572e-07

Final set of parameters            Asymptotic Standard Error
=======================            ==========================
a               = 0.530898         +/- 0.0004225    (0.07957%)
b               = 0.00484647       +/- 0.0003701    (7.637%)
dal             = 0.0218652        +/- 7.758e-05    (0.3548%)
dag             = 0.00385809       +/- 8.653e-05    (2.243%)

correlation matrix of the fit parameters:
                a      b      dal    dag    
a               1.000 
b              -0.020  1.000 
dal            -0.147  0.137  1.000 
dag            -0.163 -0.144 -0.011  1.000 


*******************************************************************************
Sat Nov 19 12:08:55 2022


FIT:    data read from 'density/density/L100T1.0E1.05CD0.008/lan27874-lbn668970-lcn5620-ran780-rbn18715-rcn157.density' u 1:3
        format = x:z
        x range restricted to [0.200000 : 0.800000]
        #datapoints = 241
        residuals are weighted equally (unit weight)

function used for fitting: db(x)
	db(x) = (dbl+dbg)/2 - ((dbl-dbg)/2)*tanh((x-c)/(2*d))
fitted parameters initialized with current variable values

iter      chisq       delta/lim  lambda   c             d             dbl           dbg          
   0 1.0879042272e+01   0.00e+00  4.70e-01    5.000000e-01   6.000000e-03   3.000000e-01   3.000000e-02
   7 2.4127850368e-01  -6.13e-02  4.70e-08    5.266050e-01   5.215253e-03   5.600623e-01   5.848188e-02

After 7 iterations the fit converged.
final sum of squares of residuals : 0.241279
rel. change during last iteration : -6.13135e-07

degrees of freedom    (FIT_NDF)                        : 237
rms of residuals      (FIT_STDFIT) = sqrt(WSSR/ndf)    : 0.0319069
variance of residuals (reduced chisquare) = WSSR/ndf   : 0.00101805

Final set of parameters            Asymptotic Standard Error
=======================            ==========================
c               = 0.526605         +/- 0.0005782    (0.1098%)
d               = 0.00521525       +/- 0.0005064    (9.709%)
dbl             = 0.560062         +/- 0.002872     (0.5127%)
dbg             = 0.0584819        +/- 0.003156     (5.396%)

correlation matrix of the fit parameters:
                c      d      dbl    dbg    
c               1.000 
d              -0.018  1.000 
dbl            -0.153  0.143  1.000 
dbg            -0.168 -0.149 -0.012  1.000 


*******************************************************************************
Sat Nov 19 12:08:55 2022


FIT:    data read from 'density/density/L100T1.0E1.05CD0.008/lan292674-lbn404170-lcn5620-ran8188-rbn11307-rcn157.density' u 1:2
        format = x:z
        x range restricted to [0.200000 : 0.800000]
        #datapoints = 241
        residuals are weighted equally (unit weight)

function used for fitting: da(x)
	da(x) = (dal+dag)/2 - ((dal-dag)/2)*tanh((x-a)/(2*b))
fitted parameters initialized with current variable values

iter      chisq       delta/lim  lambda   a             b             dal           dag          
   0 9.9232852001e-01   0.00e+00  4.70e-01    5.000000e-01   6.000000e-03   3.000000e-01   3.000000e-02
   7 2.8506572893e-04  -1.48e-02  4.70e-08    5.433760e-01   8.032167e-03   2.302284e-01   3.560415e-02

After 7 iterations the fit converged.
final sum of squares of residuals : 0.000285066
rel. change during last iteration : -1.48371e-07

degrees of freedom    (FIT_NDF)                        : 237
rms of residuals      (FIT_STDFIT) = sqrt(WSSR/ndf)    : 0.00109673
variance of residuals (reduced chisquare) = WSSR/ndf   : 1.20281e-06

Final set of parameters            Asymptotic Standard Error
=======================            ==========================
a               = 0.543376         +/- 6.456e-05    (0.01188%)
b               = 0.00803217       +/- 5.64e-05     (0.7022%)
dal             = 0.230228         +/- 9.77e-05     (0.04244%)
dag             = 0.0356042        +/- 0.0001147    (0.3223%)

correlation matrix of the fit parameters:
                a      b      dal    dag    
a               1.000 
b              -0.003  1.000 
dal            -0.183  0.173  1.000 
dag            -0.216 -0.195 -0.020  1.000 


*******************************************************************************
Sat Nov 19 12:08:55 2022


FIT:    data read from 'density/density/L100T1.0E1.05CD0.008/lan292674-lbn404170-lcn5620-ran8188-rbn11307-rcn157.density' u 1:3
        format = x:z
        x range restricted to [0.200000 : 0.800000]
        #datapoints = 241
        residuals are weighted equally (unit weight)

function used for fitting: db(x)
	db(x) = (dbl+dbg)/2 - ((dbl-dbg)/2)*tanh((x-c)/(2*d))
fitted parameters initialized with current variable values

iter      chisq       delta/lim  lambda   c             d             dbl           dbg          
   0 1.1710618649e+00   0.00e+00  4.70e-01    5.000000e-01   6.000000e-03   3.000000e-01   3.000000e-02
   7 5.8926636430e-04  -4.01e-03  4.70e-08    5.428450e-01   7.971907e-03   3.232292e-01   4.793116e-02

After 7 iterations the fit converged.
final sum of squares of residuals : 0.000589266
rel. change during last iteration : -4.01126e-08

degrees of freedom    (FIT_NDF)                        : 237
rms of residuals      (FIT_STDFIT) = sqrt(WSSR/ndf)    : 0.00157682
variance of residuals (reduced chisquare) = WSSR/ndf   : 2.48636e-06

Final set of parameters            Asymptotic Standard Error
=======================            ==========================
c               = 0.542845         +/- 6.535e-05    (0.01204%)
d               = 0.00797191       +/- 5.709e-05    (0.7162%)
dbl             = 0.323229         +/- 0.0001405    (0.04348%)
dbg             = 0.0479312        +/- 0.0001647    (0.3436%)

correlation matrix of the fit parameters:
                c      d      dbl    dbg    
c               1.000 
d              -0.004  1.000 
dbl            -0.183  0.172  1.000 
dbg            -0.215 -0.194 -0.020  1.000 


*******************************************************************************
Sat Nov 19 12:08:55 2022


FIT:    data read from 'density/density/L100T1.0E1.05CD0.008/lan306611-lbn390233-lcn5620-ran8578-rbn10917-rcn157.density' u 1:2
        format = x:z
        x range restricted to [0.200000 : 0.800000]
        #datapoints = 241
        residuals are weighted equally (unit weight)

function used for fitting: da(x)
	da(x) = (dal+dag)/2 - ((dal-dag)/2)*tanh((x-a)/(2*b))
fitted parameters initialized with current variable values

iter      chisq       delta/lim  lambda   a             b             dal           dag          
   0 8.5383956841e-01   0.00e+00  4.70e-01    5.000000e-01   6.000000e-03   3.000000e-01   3.000000e-02
   7 8.4724243285e-05  -3.87e-02  4.70e-08    5.411971e-01   7.898068e-03   2.412525e-01   3.621492e-02

After 7 iterations the fit converged.
final sum of squares of residuals : 8.47242e-05
rel. change during last iteration : -3.87321e-07

degrees of freedom    (FIT_NDF)                        : 237
rms of residuals      (FIT_STDFIT) = sqrt(WSSR/ndf)    : 0.000597902
variance of residuals (reduced chisquare) = WSSR/ndf   : 3.57486e-07

Final set of parameters            Asymptotic Standard Error
=======================            ==========================
a               = 0.541197         +/- 3.31e-05     (0.006116%)
b               = 0.00789807       +/- 2.892e-05    (0.3662%)
dal             = 0.241253         +/- 5.341e-05    (0.02214%)
dag             = 0.0362149        +/- 6.219e-05    (0.1717%)

correlation matrix of the fit parameters:
                a      b      dal    dag    
a               1.000 
b              -0.004  1.000 
dal            -0.183  0.172  1.000 
dag            -0.213 -0.193 -0.019  1.000 


*******************************************************************************
Sat Nov 19 12:08:55 2022


FIT:    data read from 'density/density/L100T1.0E1.05CD0.008/lan306611-lbn390233-lcn5620-ran8578-rbn10917-rcn157.density' u 1:3
        format = x:z
        x range restricted to [0.200000 : 0.800000]
        #datapoints = 241
        residuals are weighted equally (unit weight)

function used for fitting: db(x)
	db(x) = (dbl+dbg)/2 - ((dbl-dbg)/2)*tanh((x-c)/(2*d))
fitted parameters initialized with current variable values

iter      chisq       delta/lim  lambda   c             d             dbl           dbg          
   0 9.6276462769e-01   0.00e+00  4.70e-01    5.000000e-01   6.000000e-03   3.000000e-01   3.000000e-02
   7 3.3177019603e-04   0.00e+00  4.70e+04    5.407656e-01   7.831384e-03   3.118022e-01   4.652660e-02

After 7 iterations the fit converged.
final sum of squares of residuals : 0.00033177
rel. change during last iteration : 0

degrees of freedom    (FIT_NDF)                        : 237
rms of residuals      (FIT_STDFIT) = sqrt(WSSR/ndf)    : 0.00118316
variance of residuals (reduced chisquare) = WSSR/ndf   : 1.39987e-06

Final set of parameters            Asymptotic Standard Error
=======================            ==========================
c               = 0.540766         +/- 5.04e-05     (0.009319%)
d               = 0.00783138       +/- 4.403e-05    (0.5623%)
dbl             = 0.311802         +/- 0.0001057    (0.0339%)
dbg             = 0.0465266        +/- 0.0001229    (0.2641%)

correlation matrix of the fit parameters:
                c      d      dbl    dbg    
c               1.000 
d              -0.005  1.000 
dbl            -0.182  0.171  1.000 
dbg            -0.212 -0.192 -0.019  1.000 


*******************************************************************************
Sat Nov 19 12:08:55 2022


FIT:    data read from 'density/density/L100T1.0E1.05CD0.008/lan320548-lbn376296-lcn5620-ran8968-rbn10527-rcn157.density' u 1:2
        format = x:z
        x range restricted to [0.200000 : 0.800000]
        #datapoints = 241
        residuals are weighted equally (unit weight)

function used for fitting: da(x)
	da(x) = (dal+dag)/2 - ((dal-dag)/2)*tanh((x-a)/(2*b))
fitted parameters initialized with current variable values

iter      chisq       delta/lim  lambda   a             b             dal           dag          
   0 7.8598499851e-01   0.00e+00  4.70e-01    5.000000e-01   6.000000e-03   3.000000e-01   3.000000e-02
   6 1.6937244907e-04  -5.02e-02  4.70e-07    5.422853e-01   8.406250e-03   2.524918e-01   3.715460e-02

After 6 iterations the fit converged.
final sum of squares of residuals : 0.000169372
rel. change during last iteration : -5.0192e-07

degrees of freedom    (FIT_NDF)                        : 237
rms of residuals      (FIT_STDFIT) = sqrt(WSSR/ndf)    : 0.000845371
variance of residuals (reduced chisquare) = WSSR/ndf   : 7.14652e-07

Final set of parameters            Asymptotic Standard Error
=======================            ==========================
a               = 0.542285         +/- 4.611e-05    (0.008502%)
b               = 0.00840625       +/- 4.027e-05    (0.479%)
dal             = 0.252492         +/- 7.561e-05    (0.02994%)
dag             = 0.0371546        +/- 8.85e-05     (0.2382%)

correlation matrix of the fit parameters:
                a      b      dal    dag    
a               1.000 
b              -0.002  1.000 
dal            -0.188  0.177  1.000 
dag            -0.220 -0.200 -0.021  1.000 


*******************************************************************************
Sat Nov 19 12:08:55 2022


FIT:    data read from 'density/density/L100T1.0E1.05CD0.008/lan320548-lbn376296-lcn5620-ran8968-rbn10527-rcn157.density' u 1:3
        format = x:z
        x range restricted to [0.200000 : 0.800000]
        #datapoints = 241
        residuals are weighted equally (unit weight)

function used for fitting: db(x)
	db(x) = (dbl+dbg)/2 - ((dbl-dbg)/2)*tanh((x-c)/(2*d))
fitted parameters initialized with current variable values

iter      chisq       delta/lim  lambda   c             d             dbl           dbg          
   0 8.9353282850e-01   0.00e+00  4.70e-01    5.000000e-01   6.000000e-03   3.000000e-01   3.000000e-02
   7 6.9347501026e-04  -1.69e-02  4.70e-08    5.423046e-01   8.025041e-03   3.000633e-01   4.480664e-02

After 7 iterations the fit converged.
final sum of squares of residuals : 0.000693475
rel. change during last iteration : -1.68936e-07

degrees of freedom    (FIT_NDF)                        : 237
rms of residuals      (FIT_STDFIT) = sqrt(WSSR/ndf)    : 0.00171057
variance of residuals (reduced chisquare) = WSSR/ndf   : 2.92605e-06

Final set of parameters            Asymptotic Standard Error
=======================            ==========================
c               = 0.542305         +/- 7.674e-05    (0.01415%)
d               = 0.00802504       +/- 6.704e-05    (0.8353%)
dbl             = 0.300063         +/- 0.0001526    (0.05087%)
dbg             = 0.0448066        +/- 0.0001785    (0.3985%)

correlation matrix of the fit parameters:
                c      d      dbl    dbg    
c               1.000 
d              -0.004  1.000 
dbl            -0.184  0.173  1.000 
dbg            -0.215 -0.195 -0.020  1.000 


*******************************************************************************
Sat Nov 19 12:08:56 2022


FIT:    data read from 'density/density/L100T1.0E1.05CD0.008/lan334485-lbn362359-lcn5620-ran9358-rbn10137-rcn157.density' u 1:2
        format = x:z
        x range restricted to [0.200000 : 0.800000]
        #datapoints = 241
        residuals are weighted equally (unit weight)

function used for fitting: da(x)
	da(x) = (dal+dag)/2 - ((dal-dag)/2)*tanh((x-a)/(2*b))
fitted parameters initialized with current variable values

iter      chisq       delta/lim  lambda   a             b             dal           dag          
   0 7.7447317741e-01   0.00e+00  4.70e-01    5.000000e-01   6.000000e-03   3.000000e-01   3.000000e-02
   7 1.3619096376e-04  -1.24e-01  4.70e-08    5.424356e-01   7.632102e-03   2.627083e-01   3.829836e-02

After 7 iterations the fit converged.
final sum of squares of residuals : 0.000136191
rel. change during last iteration : -1.2409e-06

degrees of freedom    (FIT_NDF)                        : 237
rms of residuals      (FIT_STDFIT) = sqrt(WSSR/ndf)    : 0.000758054
variance of residuals (reduced chisquare) = WSSR/ndf   : 5.74645e-07

Final set of parameters            Asymptotic Standard Error
=======================            ==========================
a               = 0.542436         +/- 3.764e-05    (0.006939%)
b               = 0.0076321        +/- 3.289e-05    (0.431%)
dal             = 0.262708         +/- 6.747e-05    (0.02568%)
dag             = 0.0382984        +/- 7.889e-05    (0.206%)

correlation matrix of the fit parameters:
                a      b      dal    dag    
a               1.000 
b              -0.005  1.000 
dal            -0.179  0.169  1.000 
dag            -0.210 -0.190 -0.019  1.000 


*******************************************************************************
Sat Nov 19 12:08:56 2022


FIT:    data read from 'density/density/L100T1.0E1.05CD0.008/lan334485-lbn362359-lcn5620-ran9358-rbn10137-rcn157.density' u 1:3
        format = x:z
        x range restricted to [0.200000 : 0.800000]
        #datapoints = 241
        residuals are weighted equally (unit weight)

function used for fitting: db(x)
	db(x) = (dbl+dbg)/2 - ((dbl-dbg)/2)*tanh((x-c)/(2*d))
fitted parameters initialized with current variable values

iter      chisq       delta/lim  lambda   c             d             dbl           dbg          
   0 8.1310703475e-01   0.00e+00  4.70e-01    5.000000e-01   6.000000e-03   3.000000e-01   3.000000e-02
   7 4.0598724563e-04  -5.49e-03  4.70e-08    5.420384e-01   7.606239e-03   2.882225e-01   4.379878e-02

After 7 iterations the fit converged.
final sum of squares of residuals : 0.000405987
rel. change during last iteration : -5.48625e-08

degrees of freedom    (FIT_NDF)                        : 237
rms of residuals      (FIT_STDFIT) = sqrt(WSSR/ndf)    : 0.00130883
variance of residuals (reduced chisquare) = WSSR/ndf   : 1.71303e-06

Final set of parameters            Asymptotic Standard Error
=======================            ==========================
c               = 0.542038         +/- 5.956e-05    (0.01099%)
d               = 0.00760624       +/- 5.205e-05    (0.6843%)
dbl             = 0.288222         +/- 0.0001166    (0.04044%)
dbg             = 0.0437988        +/- 0.0001361    (0.3107%)

correlation matrix of the fit parameters:
                c      d      dbl    dbg    
c               1.000 
d              -0.005  1.000 
dbl            -0.179  0.169  1.000 
dbg            -0.210 -0.189 -0.019  1.000 


*******************************************************************************
Sat Nov 19 12:08:56 2022


FIT:    data read from 'density/density/L100T1.0E1.05CD0.008/lan348422-lbn348422-lcn5620-ran9748-rbn9747-rcn157.density' u 1:2
        format = x:z
        x range restricted to [0.200000 : 0.800000]
        #datapoints = 241
        residuals are weighted equally (unit weight)

function used for fitting: da(x)
	da(x) = (dal+dag)/2 - ((dal-dag)/2)*tanh((x-a)/(2*b))
fitted parameters initialized with current variable values

iter      chisq       delta/lim  lambda   a             b             dal           dag          
   0 8.0527602741e-01   0.00e+00  4.70e-01    5.000000e-01   6.000000e-03   3.000000e-01   3.000000e-02
   7 2.0441175244e-04  -5.58e-02  4.70e-08    5.444888e-01   7.996176e-03   2.744112e-01   3.984449e-02

After 7 iterations the fit converged.
final sum of squares of residuals : 0.000204412
rel. change during last iteration : -5.57638e-07

degrees of freedom    (FIT_NDF)                        : 237
rms of residuals      (FIT_STDFIT) = sqrt(WSSR/ndf)    : 0.000928707
variance of residuals (reduced chisquare) = WSSR/ndf   : 8.62497e-07

Final set of parameters            Asymptotic Standard Error
=======================            ==========================
a               = 0.544489         +/- 4.525e-05    (0.008311%)
b               = 0.00799618       +/- 3.953e-05    (0.4944%)
dal             = 0.274411         +/- 8.257e-05    (0.03009%)
dag             = 0.0398445        +/- 9.737e-05    (0.2444%)

correlation matrix of the fit parameters:
                a      b      dal    dag    
a               1.000 
b              -0.003  1.000 
dal            -0.183  0.172  1.000 
dag            -0.216 -0.195 -0.020  1.000 


*******************************************************************************
Sat Nov 19 12:08:56 2022


FIT:    data read from 'density/density/L100T1.0E1.05CD0.008/lan348422-lbn348422-lcn5620-ran9748-rbn9747-rcn157.density' u 1:3
        format = x:z
        x range restricted to [0.200000 : 0.800000]
        #datapoints = 241
        residuals are weighted equally (unit weight)

function used for fitting: db(x)
	db(x) = (dbl+dbg)/2 - ((dbl-dbg)/2)*tanh((x-c)/(2*d))
fitted parameters initialized with current variable values

iter      chisq       delta/lim  lambda   c             d             dbl           dbg          
   0 8.2586565516e-01   0.00e+00  4.70e-01    5.000000e-01   6.000000e-03   3.000000e-01   3.000000e-02
   7 2.1949917267e-04  -1.63e-01  4.70e-08    5.445229e-01   7.994040e-03   2.772759e-01   4.232285e-02

After 7 iterations the fit converged.
final sum of squares of residuals : 0.000219499
rel. change during last iteration : -1.63267e-06

degrees of freedom    (FIT_NDF)                        : 237
rms of residuals      (FIT_STDFIT) = sqrt(WSSR/ndf)    : 0.00096237
variance of residuals (reduced chisquare) = WSSR/ndf   : 9.26157e-07

Final set of parameters            Asymptotic Standard Error
=======================            ==========================
c               = 0.544523         +/- 4.681e-05    (0.008597%)
d               = 0.00799404       +/- 4.089e-05    (0.5115%)
dbl             = 0.277276         +/- 8.556e-05    (0.03086%)
dbg             = 0.0423228        +/- 0.0001009    (0.2384%)

correlation matrix of the fit parameters:
                c      d      dbl    dbg    
c               1.000 
d              -0.003  1.000 
dbl            -0.183  0.172  1.000 
dbg            -0.216 -0.195 -0.020  1.000 
