

*******************************************************************************
Sun Jun  5 09:24:53 2022


FIT:    data read from 'density/density/L80T1.0E1.05CD0.02/lan100019-lbn257191-lcn7290-ran3012-rbn7744-rcn220.density' u 1:2
        format = x:z
        x range restricted to [0.200000 : 0.800000]
        #datapoints = 241
        residuals are weighted equally (unit weight)

function used for fitting: da(x)
	da(x) = (dal+dag)/2 + ((dal-dag)/2)*tanh((x-a)/(2*b))
fitted parameters initialized with current variable values

iter      chisq       delta/lim  lambda   a             b             dal           dag          
   0 2.1843920159e+02   0.00e+00  3.65e-01    1.000000e+00   1.000000e+00   1.000000e+00   1.000000e+00
  82 3.4576172654e-03  -3.62e-01  3.65e-07    5.592967e-01   8.616973e-03   1.212098e-02   7.274666e-02

After 82 iterations the fit converged.
final sum of squares of residuals : 0.00345762
rel. change during last iteration : -3.62175e-06

degrees of freedom    (FIT_NDF)                        : 237
rms of residuals      (FIT_STDFIT) = sqrt(WSSR/ndf)    : 0.00381957
variance of residuals (reduced chisquare) = WSSR/ndf   : 1.45891e-05

Final set of parameters            Asymptotic Standard Error
=======================            ==========================
a               = 0.559297         +/- 0.0007509    (0.1342%)
b               = 0.00861697       +/- 0.0006554    (7.606%)
dal             = 0.012121         +/- 0.0004164    (3.436%)
dag             = 0.0727467        +/- 0.0003331    (0.4579%)

correlation matrix of the fit parameters:
                a      b      dal    dag    
a               1.000 
b               0.003  1.000 
dal            -0.232 -0.210  1.000 
dag            -0.184  0.175 -0.022  1.000 


*******************************************************************************
Sun Jun  5 09:24:53 2022


FIT:    data read from 'density/density/L80T1.0E1.05CD0.02/lan100019-lbn257191-lcn7290-ran3012-rbn7744-rcn220.density' u 1:3
        format = x:z
        x range restricted to [0.200000 : 0.800000]
        #datapoints = 241
        residuals are weighted equally (unit weight)

function used for fitting: db(x)
	db(x) = (dbl+dbg)/2 + ((dbl-dbg)/2)*tanh((x-c)/(2*d))
fitted parameters initialized with current variable values

iter      chisq       delta/lim  lambda   c             d             dbl           dbg          
   0 1.8488447313e+02   0.00e+00  3.65e-01    1.000000e+00   1.000000e+00   1.000000e+00   1.000000e+00
 107 3.3752941907e-02  -4.27e-01  3.65e-06    5.588499e-01   7.330406e-03   2.951128e-02   1.938505e-01

After 107 iterations the fit converged.
final sum of squares of residuals : 0.0337529
rel. change during last iteration : -4.27234e-06

degrees of freedom    (FIT_NDF)                        : 237
rms of residuals      (FIT_STDFIT) = sqrt(WSSR/ndf)    : 0.0119339
variance of residuals (reduced chisquare) = WSSR/ndf   : 0.000142417

Final set of parameters            Asymptotic Standard Error
=======================            ==========================
c               = 0.55885          +/- 0.0007924    (0.1418%)
d               = 0.00733041       +/- 0.0006925    (9.446%)
dbl             = 0.0295113        +/- 0.001285     (4.355%)
dbg             = 0.193851         +/- 0.001034     (0.5333%)

correlation matrix of the fit parameters:
                c      d      dbl    dbg    
c               1.000 
d              -0.002  1.000 
dbl            -0.214 -0.192  1.000 
dbg            -0.171  0.161 -0.018  1.000 


*******************************************************************************
Sun Jun  5 09:24:55 2022


FIT:    data read from 'density/density/L80T1.0E1.05CD0.02/lan114307-lbn242903-lcn7290-ran3442-rbn7314-rcn220.density' u 1:2
        format = x:z
        x range restricted to [0.200000 : 0.800000]
        #datapoints = 241
        residuals are weighted equally (unit weight)

function used for fitting: da(x)
	da(x) = (dal+dag)/2 + ((dal-dag)/2)*tanh((x-a)/(2*b))
fitted parameters initialized with current variable values

iter      chisq       delta/lim  lambda   a             b             dal           dag          
   0 1.7399966026e-02   0.00e+00  1.00e-01    5.592967e-01   8.616973e-03   1.212098e-02   7.274666e-02
   3 2.4892559013e-03  -2.80e-01  1.00e-04    5.583287e-01   8.374331e-03   1.381089e-02   8.298423e-02

After 3 iterations the fit converged.
final sum of squares of residuals : 0.00248926
rel. change during last iteration : -2.80204e-06

degrees of freedom    (FIT_NDF)                        : 237
rms of residuals      (FIT_STDFIT) = sqrt(WSSR/ndf)    : 0.00324086
variance of residuals (reduced chisquare) = WSSR/ndf   : 1.05032e-05

Final set of parameters            Asymptotic Standard Error
=======================            ==========================
a               = 0.558329         +/- 0.0005496    (0.09845%)
b               = 0.00837433       +/- 0.0004799    (5.731%)
dal             = 0.0138109        +/- 0.0003518    (2.547%)
dag             = 0.0829842        +/- 0.0002826    (0.3406%)

correlation matrix of the fit parameters:
                a      b      dal    dag    
a               1.000 
b               0.002  1.000 
dal            -0.228 -0.207  1.000 
dag            -0.182  0.173 -0.021  1.000 


*******************************************************************************
Sun Jun  5 09:24:55 2022


FIT:    data read from 'density/density/L80T1.0E1.05CD0.02/lan114307-lbn242903-lcn7290-ran3442-rbn7314-rcn220.density' u 1:3
        format = x:z
        x range restricted to [0.200000 : 0.800000]
        #datapoints = 241
        residuals are weighted equally (unit weight)

function used for fitting: db(x)
	db(x) = (dbl+dbg)/2 + ((dbl-dbg)/2)*tanh((x-c)/(2*d))
fitted parameters initialized with current variable values

iter      chisq       delta/lim  lambda   c             d             dbl           dbg          
   0 3.8242273414e-02   0.00e+00  2.92e-01    5.588499e-01   7.330406e-03   2.951128e-02   1.938505e-01
   4 1.7932496428e-02  -2.53e-01  2.92e-05    5.569116e-01   7.588677e-03   2.820554e-02   1.827039e-01

After 4 iterations the fit converged.
final sum of squares of residuals : 0.0179325
rel. change during last iteration : -2.52965e-06

degrees of freedom    (FIT_NDF)                        : 237
rms of residuals      (FIT_STDFIT) = sqrt(WSSR/ndf)    : 0.00869854
variance of residuals (reduced chisquare) = WSSR/ndf   : 7.56645e-05

Final set of parameters            Asymptotic Standard Error
=======================            ==========================
c               = 0.556912         +/- 0.0006259    (0.1124%)
d               = 0.00758868       +/- 0.0005469    (7.206%)
dbl             = 0.0282055        +/- 0.0009347    (3.314%)
dbg             = 0.182704         +/- 0.0007569    (0.4143%)

correlation matrix of the fit parameters:
                c      d      dbl    dbg    
c               1.000 
d              -0.002  1.000 
dbl            -0.216 -0.195  1.000 
dbg            -0.174  0.165 -0.019  1.000 


*******************************************************************************
Sun Jun  5 09:24:55 2022


FIT:    data read from 'density/density/L80T1.0E1.05CD0.02/lan128596-lbn228614-lcn7290-ran3872-rbn6884-rcn220.density' u 1:2
        format = x:z
        x range restricted to [0.200000 : 0.800000]
        #datapoints = 241
        residuals are weighted equally (unit weight)

function used for fitting: da(x)
	da(x) = (dal+dag)/2 + ((dal-dag)/2)*tanh((x-a)/(2*b))
fitted parameters initialized with current variable values

iter      chisq       delta/lim  lambda   a             b             dal           dag          
   0 2.2014098376e-02   0.00e+00  1.16e-01    5.583287e-01   8.374331e-03   1.381089e-02   8.298423e-02
   4 3.0316129333e-04  -9.01e-04  1.16e-05    5.512811e-01   9.336743e-03   1.519107e-02   9.574393e-02

After 4 iterations the fit converged.
final sum of squares of residuals : 0.000303161
rel. change during last iteration : -9.00525e-09

degrees of freedom    (FIT_NDF)                        : 237
rms of residuals      (FIT_STDFIT) = sqrt(WSSR/ndf)    : 0.001131
variance of residuals (reduced chisquare) = WSSR/ndf   : 1.27916e-06

Final set of parameters            Asymptotic Standard Error
=======================            ==========================
a               = 0.551281         +/- 0.0001748    (0.03171%)
b               = 0.00933674       +/- 0.0001525    (1.634%)
dal             = 0.0151911        +/- 0.0001218    (0.8016%)
dag             = 0.0957439        +/- 0.0001003    (0.1047%)

correlation matrix of the fit parameters:
                a      b      dal    dag    
a               1.000 
b               0.004  1.000 
dal            -0.237 -0.216  1.000 
dag            -0.194  0.185 -0.024  1.000 


*******************************************************************************
Sun Jun  5 09:24:55 2022


FIT:    data read from 'density/density/L80T1.0E1.05CD0.02/lan128596-lbn228614-lcn7290-ran3872-rbn6884-rcn220.density' u 1:3
        format = x:z
        x range restricted to [0.200000 : 0.800000]
        #datapoints = 241
        residuals are weighted equally (unit weight)

function used for fitting: db(x)
	db(x) = (dbl+dbg)/2 + ((dbl-dbg)/2)*tanh((x-c)/(2*d))
fitted parameters initialized with current variable values

iter      chisq       delta/lim  lambda   c             d             dbl           dbg          
   0 1.7744116967e-02   0.00e+00  2.69e-01    5.569116e-01   7.588677e-03   2.820554e-02   1.827039e-01
   5 2.1409534641e-03   0.00e+00  2.69e+04    5.509671e-01   8.150245e-03   2.719538e-02   1.762847e-01

After 5 iterations the fit converged.
final sum of squares of residuals : 0.00214095
rel. change during last iteration : 0

degrees of freedom    (FIT_NDF)                        : 237
rms of residuals      (FIT_STDFIT) = sqrt(WSSR/ndf)    : 0.00300559
variance of residuals (reduced chisquare) = WSSR/ndf   : 9.03356e-06

Final set of parameters            Asymptotic Standard Error
=======================            ==========================
c               = 0.550967         +/- 0.0002329    (0.04227%)
d               = 0.00815024       +/- 0.0002034    (2.496%)
dbl             = 0.0271954        +/- 0.0003201    (1.177%)
dbg             = 0.176285         +/- 0.0002648    (0.1502%)

correlation matrix of the fit parameters:
                c      d      dbl    dbg    
c               1.000 
d              -0.001  1.000 
dbl            -0.221 -0.200  1.000 
dbg            -0.182  0.172 -0.020  1.000 


*******************************************************************************
Sun Jun  5 09:24:55 2022


FIT:    data read from 'density/density/L80T1.0E1.05CD0.02/lan142884-lbn214326-lcn7290-ran4302-rbn6454-rcn220.density' u 1:2
        format = x:z
        x range restricted to [0.200000 : 0.800000]
        #datapoints = 241
        residuals are weighted equally (unit weight)

function used for fitting: da(x)
	da(x) = (dal+dag)/2 + ((dal-dag)/2)*tanh((x-a)/(2*b))
fitted parameters initialized with current variable values

iter      chisq       delta/lim  lambda   a             b             dal           dag          
   0 1.7101471906e-02   0.00e+00  1.26e-01    5.512811e-01   9.336743e-03   1.519107e-02   9.574393e-02
   4 1.5513800675e-04  -1.05e-02  1.26e-05    5.530760e-01   1.040492e-02   1.644631e-02   1.065564e-01

After 4 iterations the fit converged.
final sum of squares of residuals : 0.000155138
rel. change during last iteration : -1.04619e-07

degrees of freedom    (FIT_NDF)                        : 237
rms of residuals      (FIT_STDFIT) = sqrt(WSSR/ndf)    : 0.000809068
variance of residuals (reduced chisquare) = WSSR/ndf   : 6.54591e-07

Final set of parameters            Asymptotic Standard Error
=======================            ==========================
a               = 0.553076         +/- 0.0001187    (0.02147%)
b               = 0.0104049        +/- 0.0001035    (0.995%)
dal             = 0.0164463        +/- 8.829e-05    (0.5368%)
dag             = 0.106556         +/- 7.197e-05    (0.06754%)

correlation matrix of the fit parameters:
                a      b      dal    dag    
a               1.000 
b               0.008  1.000 
dal            -0.252 -0.231  1.000 
dag            -0.203  0.195 -0.027  1.000 


*******************************************************************************
Sun Jun  5 09:24:55 2022


FIT:    data read from 'density/density/L80T1.0E1.05CD0.02/lan142884-lbn214326-lcn7290-ran4302-rbn6454-rcn220.density' u 1:3
        format = x:z
        x range restricted to [0.200000 : 0.800000]
        #datapoints = 241
        residuals are weighted equally (unit weight)

function used for fitting: db(x)
	db(x) = (dbl+dbg)/2 + ((dbl-dbg)/2)*tanh((x-c)/(2*d))
fitted parameters initialized with current variable values

iter      chisq       delta/lim  lambda   c             d             dbl           dbg          
   0 1.8207344230e-02   0.00e+00  2.49e-01    5.509671e-01   8.150245e-03   2.719538e-02   1.762847e-01
   4 9.7627109772e-04  -3.95e-01  2.49e-05    5.531965e-01   9.262956e-03   2.551763e-02   1.652308e-01

After 4 iterations the fit converged.
final sum of squares of residuals : 0.000976271
rel. change during last iteration : -3.94627e-06

degrees of freedom    (FIT_NDF)                        : 237
rms of residuals      (FIT_STDFIT) = sqrt(WSSR/ndf)    : 0.0020296
variance of residuals (reduced chisquare) = WSSR/ndf   : 4.11929e-06

Final set of parameters            Asymptotic Standard Error
=======================            ==========================
c               = 0.553197         +/- 0.0001801    (0.03255%)
d               = 0.00926296       +/- 0.0001571    (1.696%)
dbl             = 0.0255176        +/- 0.0002193    (0.8596%)
dbg             = 0.165231         +/- 0.0001793    (0.1085%)

correlation matrix of the fit parameters:
                c      d      dbl    dbg    
c               1.000 
d               0.004  1.000 
dbl            -0.237 -0.216  1.000 
dbg            -0.193  0.184 -0.023  1.000 


*******************************************************************************
Sun Jun  5 09:24:55 2022


FIT:    data read from 'density/density/L80T1.0E1.05CD0.02/lan157172-lbn200038-lcn7290-ran4733-rbn6023-rcn220.density' u 1:2
        format = x:z
        x range restricted to [0.200000 : 0.800000]
        #datapoints = 241
        residuals are weighted equally (unit weight)

function used for fitting: da(x)
	da(x) = (dal+dag)/2 + ((dal-dag)/2)*tanh((x-a)/(2*b))
fitted parameters initialized with current variable values

iter      chisq       delta/lim  lambda   a             b             dal           dag          
   0 1.6758241035e-02   0.00e+00  1.35e-01    5.530760e-01   1.040492e-02   1.644631e-02   1.065564e-01
   4 1.3932796999e-04  -2.51e-03  1.35e-05    5.553040e-01   9.414688e-03   1.806054e-02   1.168147e-01

After 4 iterations the fit converged.
final sum of squares of residuals : 0.000139328
rel. change during last iteration : -2.51178e-08

degrees of freedom    (FIT_NDF)                        : 237
rms of residuals      (FIT_STDFIT) = sqrt(WSSR/ndf)    : 0.000766734
variance of residuals (reduced chisquare) = WSSR/ndf   : 5.87882e-07

Final set of parameters            Asymptotic Standard Error
=======================            ==========================
a               = 0.555304         +/- 9.713e-05    (0.01749%)
b               = 0.00941469       +/- 8.474e-05    (0.9001%)
dal             = 0.0180605        +/- 8.339e-05    (0.4617%)
dag             = 0.116815         +/- 6.758e-05    (0.05785%)

correlation matrix of the fit parameters:
                a      b      dal    dag    
a               1.000 
b               0.005  1.000 
dal            -0.240 -0.219  1.000 
dag            -0.193  0.185 -0.024  1.000 


*******************************************************************************
Sun Jun  5 09:24:55 2022


FIT:    data read from 'density/density/L80T1.0E1.05CD0.02/lan157172-lbn200038-lcn7290-ran4733-rbn6023-rcn220.density' u 1:3
        format = x:z
        x range restricted to [0.200000 : 0.800000]
        #datapoints = 241
        residuals are weighted equally (unit weight)

function used for fitting: db(x)
	db(x) = (dbl+dbg)/2 + ((dbl-dbg)/2)*tanh((x-c)/(2*d))
fitted parameters initialized with current variable values

iter      chisq       delta/lim  lambda   c             d             dbl           dbg          
   0 1.8929753110e-02   0.00e+00  2.20e-01    5.531965e-01   9.262956e-03   2.551763e-02   1.652308e-01
   4 1.0402309296e-03  -3.81e-01  2.20e-05    5.549212e-01   8.899389e-03   2.452728e-02   1.536219e-01

After 4 iterations the fit converged.
final sum of squares of residuals : 0.00104023
rel. change during last iteration : -3.80976e-06

degrees of freedom    (FIT_NDF)                        : 237
rms of residuals      (FIT_STDFIT) = sqrt(WSSR/ndf)    : 0.00209503
variance of residuals (reduced chisquare) = WSSR/ndf   : 4.38916e-06

Final set of parameters            Asymptotic Standard Error
=======================            ==========================
c               = 0.554921         +/- 0.0001968    (0.03547%)
d               = 0.00889939       +/- 0.0001718    (1.93%)
dbl             = 0.0245273        +/- 0.0002266    (0.924%)
dbg             = 0.153622         +/- 0.0001842    (0.1199%)

correlation matrix of the fit parameters:
                c      d      dbl    dbg    
c               1.000 
d               0.003  1.000 
dbl            -0.233 -0.212  1.000 
dbg            -0.189  0.179 -0.022  1.000 


*******************************************************************************
Sun Jun  5 09:24:55 2022


FIT:    data read from 'density/density/L80T1.0E1.05CD0.02/lan171461-lbn185749-lcn7290-ran5163-rbn5593-rcn220.density' u 1:2
        format = x:z
        x range restricted to [0.200000 : 0.800000]
        #datapoints = 241
        residuals are weighted equally (unit weight)

function used for fitting: da(x)
	da(x) = (dal+dag)/2 + ((dal-dag)/2)*tanh((x-a)/(2*b))
fitted parameters initialized with current variable values

iter      chisq       delta/lim  lambda   a             b             dal           dag          
   0 1.7177637929e-02   0.00e+00  1.55e-01    5.553040e-01   9.414688e-03   1.806054e-02   1.168147e-01
   4 2.8254539768e-04  -3.42e-03  1.55e-05    5.541103e-01   1.038673e-02   1.901756e-02   1.280751e-01

After 4 iterations the fit converged.
final sum of squares of residuals : 0.000282545
rel. change during last iteration : -3.41808e-08

degrees of freedom    (FIT_NDF)                        : 237
rms of residuals      (FIT_STDFIT) = sqrt(WSSR/ndf)    : 0.00109187
variance of residuals (reduced chisquare) = WSSR/ndf   : 1.19217e-06

Final set of parameters            Asymptotic Standard Error
=======================            ==========================
a               = 0.55411          +/- 0.0001323    (0.02387%)
b               = 0.0103867        +/- 0.0001153    (1.11%)
dal             = 0.0190176        +/- 0.0001194    (0.628%)
dag             = 0.128075         +/- 9.696e-05    (0.07571%)

correlation matrix of the fit parameters:
                a      b      dal    dag    
a               1.000 
b               0.008  1.000 
dal            -0.252 -0.232  1.000 
dag            -0.203  0.195 -0.027  1.000 


*******************************************************************************
Sun Jun  5 09:24:55 2022


FIT:    data read from 'density/density/L80T1.0E1.05CD0.02/lan171461-lbn185749-lcn7290-ran5163-rbn5593-rcn220.density' u 1:3
        format = x:z
        x range restricted to [0.200000 : 0.800000]
        #datapoints = 241
        residuals are weighted equally (unit weight)

function used for fitting: db(x)
	db(x) = (dbl+dbg)/2 + ((dbl-dbg)/2)*tanh((x-c)/(2*d))
fitted parameters initialized with current variable values

iter      chisq       delta/lim  lambda   c             d             dbl           dbg          
   0 1.8418275954e-02   0.00e+00  2.08e-01    5.549212e-01   8.899389e-03   2.452728e-02   1.536219e-01
   4 2.7019835035e-04  -5.13e-01  2.08e-05    5.542020e-01   9.874075e-03   2.330265e-02   1.426150e-01

After 4 iterations the fit converged.
final sum of squares of residuals : 0.000270198
rel. change during last iteration : -5.12704e-06

degrees of freedom    (FIT_NDF)                        : 237
rms of residuals      (FIT_STDFIT) = sqrt(WSSR/ndf)    : 0.00106774
variance of residuals (reduced chisquare) = WSSR/ndf   : 1.14008e-06

Final set of parameters            Asymptotic Standard Error
=======================            ==========================
c               = 0.554202         +/- 0.000115     (0.02074%)
d               = 0.00987407       +/- 0.0001003    (1.015%)
dbl             = 0.0233027        +/- 0.0001163    (0.499%)
dbg             = 0.142615         +/- 9.452e-05    (0.06628%)

correlation matrix of the fit parameters:
                c      d      dbl    dbg    
c               1.000 
d               0.006  1.000 
dbl            -0.246 -0.225  1.000 
dbg            -0.198  0.190 -0.025  1.000 


*******************************************************************************
Sun Jun  5 09:24:55 2022


FIT:    data read from 'density/density/L80T1.0E1.05CD0.02/lan185749-lbn171461-lcn7290-ran5593-rbn5163-rcn220.density' u 1:2
        format = x:z
        x range restricted to [0.200000 : 0.800000]
        #datapoints = 241
        residuals are weighted equally (unit weight)

function used for fitting: da(x)
	da(x) = (dal+dag)/2 + ((dal-dag)/2)*tanh((x-a)/(2*b))
fitted parameters initialized with current variable values

iter      chisq       delta/lim  lambda   a             b             dal           dag          
   0 1.6917760576e-02   0.00e+00  1.63e-01    5.541103e-01   1.038673e-02   1.901756e-02   1.280751e-01
   3 2.0234071020e-04  -9.37e-01  1.63e-04    5.515740e-01   1.000928e-02   1.989177e-02   1.392637e-01

After 3 iterations the fit converged.
final sum of squares of residuals : 0.000202341
rel. change during last iteration : -9.36932e-06

degrees of freedom    (FIT_NDF)                        : 237
rms of residuals      (FIT_STDFIT) = sqrt(WSSR/ndf)    : 0.00092399
variance of residuals (reduced chisquare) = WSSR/ndf   : 8.53758e-07

Final set of parameters            Asymptotic Standard Error
=======================            ==========================
a               = 0.551574         +/- 0.0001002    (0.01816%)
b               = 0.0100093        +/- 8.735e-05    (0.8727%)
dal             = 0.0198918        +/- 0.0001001    (0.5034%)
dag             = 0.139264         +/- 8.22e-05     (0.05902%)

correlation matrix of the fit parameters:
                a      b      dal    dag    
a               1.000 
b               0.006  1.000 
dal            -0.246 -0.225  1.000 
dag            -0.200  0.192 -0.026  1.000 


*******************************************************************************
Sun Jun  5 09:24:55 2022


FIT:    data read from 'density/density/L80T1.0E1.05CD0.02/lan185749-lbn171461-lcn7290-ran5593-rbn5163-rcn220.density' u 1:3
        format = x:z
        x range restricted to [0.200000 : 0.800000]
        #datapoints = 241
        residuals are weighted equally (unit weight)

function used for fitting: db(x)
	db(x) = (dbl+dbg)/2 + ((dbl-dbg)/2)*tanh((x-c)/(2*d))
fitted parameters initialized with current variable values

iter      chisq       delta/lim  lambda   c             d             dbl           dbg          
   0 1.5645360028e-02   0.00e+00  1.83e-01    5.542020e-01   9.874075e-03   2.330265e-02   1.426150e-01
   4 4.9356237452e-04  -7.00e-01  1.83e-05    5.521293e-01   9.223410e-03   2.171287e-02   1.327209e-01

After 4 iterations the fit converged.
final sum of squares of residuals : 0.000493562
rel. change during last iteration : -6.99659e-06

degrees of freedom    (FIT_NDF)                        : 237
rms of residuals      (FIT_STDFIT) = sqrt(WSSR/ndf)    : 0.0014431
variance of residuals (reduced chisquare) = WSSR/ndf   : 2.08254e-06

Final set of parameters            Asymptotic Standard Error
=======================            ==========================
c               = 0.552129         +/- 0.0001608    (0.02912%)
d               = 0.00922341       +/- 0.0001403    (1.521%)
dbl             = 0.0217129        +/- 0.0001555    (0.7163%)
dbg             = 0.132721         +/- 0.0001277    (0.0962%)

correlation matrix of the fit parameters:
                c      d      dbl    dbg    
c               1.000 
d               0.003  1.000 
dbl            -0.236 -0.215  1.000 
dbg            -0.193  0.184 -0.023  1.000 


*******************************************************************************
Sun Jun  5 09:24:55 2022


FIT:    data read from 'density/density/L80T1.0E1.05CD0.02/lan200038-lbn157172-lcn7290-ran6023-rbn4733-rcn220.density' u 1:2
        format = x:z
        x range restricted to [0.200000 : 0.800000]
        #datapoints = 241
        residuals are weighted equally (unit weight)

function used for fitting: da(x)
	da(x) = (dal+dag)/2 + ((dal-dag)/2)*tanh((x-a)/(2*b))
fitted parameters initialized with current variable values

iter      chisq       delta/lim  lambda   a             b             dal           dag          
   0 1.8526996508e-02   0.00e+00  1.81e-01    5.515740e-01   1.000928e-02   1.989177e-02   1.392637e-01
   4 2.3599695905e-04   0.00e+00  1.81e+04    5.520042e-01   9.638776e-03   2.153820e-02   1.505198e-01

After 4 iterations the fit converged.
final sum of squares of residuals : 0.000235997
rel. change during last iteration : 0

degrees of freedom    (FIT_NDF)                        : 237
rms of residuals      (FIT_STDFIT) = sqrt(WSSR/ndf)    : 0.000997882
variance of residuals (reduced chisquare) = WSSR/ndf   : 9.95768e-07

Final set of parameters            Asymptotic Standard Error
=======================            ==========================
a               = 0.552004         +/- 9.804e-05    (0.01776%)
b               = 0.00963878       +/- 8.552e-05    (0.8873%)
dal             = 0.0215382        +/- 0.0001079    (0.5009%)
dag             = 0.15052          +/- 8.852e-05    (0.05881%)

correlation matrix of the fit parameters:
                a      b      dal    dag    
a               1.000 
b               0.005  1.000 
dal            -0.241 -0.221  1.000 
dag            -0.197  0.188 -0.025  1.000 


*******************************************************************************
Sun Jun  5 09:24:55 2022


FIT:    data read from 'density/density/L80T1.0E1.05CD0.02/lan200038-lbn157172-lcn7290-ran6023-rbn4733-rcn220.density' u 1:3
        format = x:z
        x range restricted to [0.200000 : 0.800000]
        #datapoints = 241
        residuals are weighted equally (unit weight)

function used for fitting: db(x)
	db(x) = (dbl+dbg)/2 + ((dbl-dbg)/2)*tanh((x-c)/(2*d))
fitted parameters initialized with current variable values

iter      chisq       delta/lim  lambda   c             d             dbl           dbg          
   0 1.5121818120e-02   0.00e+00  1.75e-01    5.521293e-01   9.223410e-03   2.171287e-02   1.327209e-01
   4 2.2252097987e-04  -3.60e-02  1.75e-05    5.524470e-01   9.545795e-03   2.037384e-02   1.224087e-01

After 4 iterations the fit converged.
final sum of squares of residuals : 0.000222521
rel. change during last iteration : -3.59895e-07

degrees of freedom    (FIT_NDF)                        : 237
rms of residuals      (FIT_STDFIT) = sqrt(WSSR/ndf)    : 0.000968972
variance of residuals (reduced chisquare) = WSSR/ndf   : 9.38907e-07

Final set of parameters            Asymptotic Standard Error
=======================            ==========================
c               = 0.552447         +/- 0.0001197    (0.02167%)
d               = 0.0095458        +/- 0.0001044    (1.094%)
dbl             = 0.0203738        +/- 0.0001048    (0.5144%)
dbg             = 0.122409         +/- 8.585e-05    (0.07013%)

correlation matrix of the fit parameters:
                c      d      dbl    dbg    
c               1.000 
d               0.005  1.000 
dbl            -0.240 -0.220  1.000 
dbg            -0.196  0.187 -0.024  1.000 


*******************************************************************************
Sun Jun  5 09:24:55 2022


FIT:    data read from 'density/density/L80T1.0E1.05CD0.02/lan214326-lbn142884-lcn7290-ran6454-rbn4302-rcn220.density' u 1:2
        format = x:z
        x range restricted to [0.200000 : 0.800000]
        #datapoints = 241
        residuals are weighted equally (unit weight)

function used for fitting: da(x)
	da(x) = (dal+dag)/2 + ((dal-dag)/2)*tanh((x-a)/(2*b))
fitted parameters initialized with current variable values

iter      chisq       delta/lim  lambda   a             b             dal           dag          
   0 2.0723145106e-02   0.00e+00  1.99e-01    5.520042e-01   9.638776e-03   2.153820e-02   1.505198e-01
   3 2.7453362991e-04  -3.93e-01  1.99e-04    5.498543e-01   1.000646e-02   2.220174e-02   1.630547e-01

After 3 iterations the fit converged.
final sum of squares of residuals : 0.000274534
rel. change during last iteration : -3.92853e-06

degrees of freedom    (FIT_NDF)                        : 237
rms of residuals      (FIT_STDFIT) = sqrt(WSSR/ndf)    : 0.00107628
variance of residuals (reduced chisquare) = WSSR/ndf   : 1.15837e-06

Final set of parameters            Asymptotic Standard Error
=======================            ==========================
a               = 0.549854         +/- 9.885e-05    (0.01798%)
b               = 0.0100065        +/- 8.621e-05    (0.8615%)
dal             = 0.0222017        +/- 0.0001162    (0.5232%)
dag             = 0.163055         +/- 9.601e-05    (0.05888%)

correlation matrix of the fit parameters:
                a      b      dal    dag    
a               1.000 
b               0.005  1.000 
dal            -0.245 -0.225  1.000 
dag            -0.201  0.192 -0.026  1.000 


*******************************************************************************
Sun Jun  5 09:24:55 2022


FIT:    data read from 'density/density/L80T1.0E1.05CD0.02/lan214326-lbn142884-lcn7290-ran6454-rbn4302-rcn220.density' u 1:3
        format = x:z
        x range restricted to [0.200000 : 0.800000]
        #datapoints = 241
        residuals are weighted equally (unit weight)

function used for fitting: db(x)
	db(x) = (dbl+dbg)/2 + ((dbl-dbg)/2)*tanh((x-c)/(2*d))
fitted parameters initialized with current variable values

iter      chisq       delta/lim  lambda   c             d             dbl           dbg          
   0 1.7443595030e-02   0.00e+00  1.59e-01    5.524470e-01   9.545795e-03   2.037384e-02   1.224087e-01
   4 6.9777231232e-05  -4.72e-02  1.59e-05    5.505599e-01   1.055359e-02   1.833630e-02   1.118671e-01

After 4 iterations the fit converged.
final sum of squares of residuals : 6.97772e-05
rel. change during last iteration : -4.71855e-07

degrees of freedom    (FIT_NDF)                        : 237
rms of residuals      (FIT_STDFIT) = sqrt(WSSR/ndf)    : 0.000542604
variance of residuals (reduced chisquare) = WSSR/ndf   : 2.94419e-07

Final set of parameters            Asymptotic Standard Error
=======================            ==========================
c               = 0.55056          +/- 7.732e-05    (0.01404%)
d               = 0.0105536        +/- 6.741e-05    (0.6387%)
dbl             = 0.0183363        +/- 5.894e-05    (0.3214%)
dbg             = 0.111867         +/- 4.85e-05     (0.04336%)

correlation matrix of the fit parameters:
                c      d      dbl    dbg    
c               1.000 
d               0.007  1.000 
dbl            -0.252 -0.232  1.000 
dbg            -0.206  0.198 -0.027  1.000 


*******************************************************************************
Sun Jun  5 09:24:55 2022


FIT:    data read from 'density/density/L80T1.0E1.05CD0.02/lan228614-lbn128596-lcn7290-ran6884-rbn3872-rcn220.density' u 1:2
        format = x:z
        x range restricted to [0.200000 : 0.800000]
        #datapoints = 241
        residuals are weighted equally (unit weight)

function used for fitting: da(x)
	da(x) = (dal+dag)/2 + ((dal-dag)/2)*tanh((x-a)/(2*b))
fitted parameters initialized with current variable values

iter      chisq       delta/lim  lambda   a             b             dal           dag          
   0 1.9585253915e-02   0.00e+00  2.13e-01    5.498543e-01   1.000646e-02   2.220174e-02   1.630547e-01
   4 3.9847694648e-04  -4.51e-01  2.13e-05    5.476618e-01   9.436510e-03   2.330316e-02   1.750320e-01

After 4 iterations the fit converged.
final sum of squares of residuals : 0.000398477
rel. change during last iteration : -4.50726e-06

degrees of freedom    (FIT_NDF)                        : 237
rms of residuals      (FIT_STDFIT) = sqrt(WSSR/ndf)    : 0.00129666
variance of residuals (reduced chisquare) = WSSR/ndf   : 1.68134e-06

Final set of parameters            Asymptotic Standard Error
=======================            ==========================
a               = 0.547662         +/- 0.000107     (0.01954%)
b               = 0.00943651       +/- 9.336e-05    (0.9893%)
dal             = 0.0233032        +/- 0.0001386    (0.5946%)
dag             = 0.175032         +/- 0.0001157    (0.06609%)

correlation matrix of the fit parameters:
                a      b      dal    dag    
a               1.000 
b               0.003  1.000 
dal            -0.236 -0.216  1.000 
dag            -0.196  0.187 -0.024  1.000 


*******************************************************************************
Sun Jun  5 09:24:55 2022


FIT:    data read from 'density/density/L80T1.0E1.05CD0.02/lan228614-lbn128596-lcn7290-ran6884-rbn3872-rcn220.density' u 1:3
        format = x:z
        x range restricted to [0.200000 : 0.800000]
        #datapoints = 241
        residuals are weighted equally (unit weight)

function used for fitting: db(x)
	db(x) = (dbl+dbg)/2 + ((dbl-dbg)/2)*tanh((x-c)/(2*d))
fitted parameters initialized with current variable values

iter      chisq       delta/lim  lambda   c             d             dbl           dbg          
   0 1.5236564491e-02   0.00e+00  1.39e-01    5.505599e-01   1.055359e-02   1.833630e-02   1.118671e-01
   4 6.5275721069e-05  -1.16e-02  1.39e-05    5.489814e-01   9.941085e-03   1.695652e-02   1.016397e-01

After 4 iterations the fit converged.
final sum of squares of residuals : 6.52757e-05
rel. change during last iteration : -1.15838e-07

degrees of freedom    (FIT_NDF)                        : 237
rms of residuals      (FIT_STDFIT) = sqrt(WSSR/ndf)    : 0.000524809
variance of residuals (reduced chisquare) = WSSR/ndf   : 2.75425e-07

Final set of parameters            Asymptotic Standard Error
=======================            ==========================
c               = 0.548981         +/- 7.987e-05    (0.01455%)
d               = 0.00994108       +/- 6.966e-05    (0.7008%)
dbl             = 0.0169565        +/- 5.649e-05    (0.3332%)
dbg             = 0.10164          +/- 4.686e-05    (0.04611%)

correlation matrix of the fit parameters:
                c      d      dbl    dbg    
c               1.000 
d               0.005  1.000 
dbl            -0.244 -0.223  1.000 
dbg            -0.201  0.192 -0.025  1.000 


*******************************************************************************
Sun Jun  5 09:24:55 2022


FIT:    data read from 'density/density/L80T1.0E1.05CD0.02/lan242903-lbn114307-lcn7290-ran7314-rbn3442-rcn220.density' u 1:2
        format = x:z
        x range restricted to [0.200000 : 0.800000]
        #datapoints = 241
        residuals are weighted equally (unit weight)

function used for fitting: da(x)
	da(x) = (dal+dag)/2 + ((dal-dag)/2)*tanh((x-a)/(2*b))
fitted parameters initialized with current variable values

iter      chisq       delta/lim  lambda   a             b             dal           dag          
   0 2.2505027652e-02   0.00e+00  2.35e-01    5.476618e-01   9.436510e-03   2.330316e-02   1.750320e-01
   4 6.1130565067e-04  -3.03e-01  2.35e-05    5.448832e-01   8.839191e-03   2.384258e-02   1.878453e-01

After 4 iterations the fit converged.
final sum of squares of residuals : 0.000611306
rel. change during last iteration : -3.02937e-06

degrees of freedom    (FIT_NDF)                        : 237
rms of residuals      (FIT_STDFIT) = sqrt(WSSR/ndf)    : 0.00160604
variance of residuals (reduced chisquare) = WSSR/ndf   : 2.57935e-06

Final set of parameters            Asymptotic Standard Error
=======================            ==========================
a               = 0.544883         +/- 0.0001182    (0.0217%)
b               = 0.00883919       +/- 0.0001032    (1.168%)
dal             = 0.0238426        +/- 0.0001697    (0.7118%)
dag             = 0.187845         +/- 0.0001434    (0.07634%)

correlation matrix of the fit parameters:
                a      b      dal    dag    
a               1.000 
b              -0.000  1.000 
dal            -0.227 -0.207  1.000 
dag            -0.191  0.181 -0.022  1.000 


*******************************************************************************
Sun Jun  5 09:24:55 2022


FIT:    data read from 'density/density/L80T1.0E1.05CD0.02/lan242903-lbn114307-lcn7290-ran7314-rbn3442-rcn220.density' u 1:3
        format = x:z
        x range restricted to [0.200000 : 0.800000]
        #datapoints = 241
        residuals are weighted equally (unit weight)

function used for fitting: db(x)
	db(x) = (dbl+dbg)/2 + ((dbl-dbg)/2)*tanh((x-c)/(2*d))
fitted parameters initialized with current variable values

iter      chisq       delta/lim  lambda   c             d             dbl           dbg          
   0 1.5129298401e-02   0.00e+00  1.29e-01    5.489814e-01   9.941085e-03   1.695652e-02   1.016397e-01
   4 1.8945606922e-04  -7.33e-02  1.29e-05    5.467758e-01   9.026324e-03   1.523680e-02   9.161372e-02

After 4 iterations the fit converged.
final sum of squares of residuals : 0.000189456
rel. change during last iteration : -7.32585e-07

degrees of freedom    (FIT_NDF)                        : 237
rms of residuals      (FIT_STDFIT) = sqrt(WSSR/ndf)    : 0.000894088
variance of residuals (reduced chisquare) = WSSR/ndf   : 7.99393e-07

Final set of parameters            Asymptotic Standard Error
=======================            ==========================
c               = 0.546776         +/- 0.000143     (0.02615%)
d               = 0.00902632       +/- 0.0001248    (1.383%)
dbl             = 0.0152368        +/- 9.502e-05    (0.6236%)
dbg             = 0.0916137        +/- 7.968e-05    (0.08698%)

correlation matrix of the fit parameters:
                c      d      dbl    dbg    
c               1.000 
d               0.001  1.000 
dbl            -0.231 -0.210  1.000 
dbg            -0.193  0.183 -0.023  1.000 


*******************************************************************************
Sun Jun  5 09:24:56 2022


FIT:    data read from 'density/density/L80T1.0E1.05CD0.02/lan257191-lbn100019-lcn7290-ran7744-rbn3012-rcn220.density' u 1:2
        format = x:z
        x range restricted to [0.200000 : 0.800000]
        #datapoints = 241
        residuals are weighted equally (unit weight)

function used for fitting: da(x)
	da(x) = (dal+dag)/2 + ((dal-dag)/2)*tanh((x-a)/(2*b))
fitted parameters initialized with current variable values

iter      chisq       delta/lim  lambda   a             b             dal           dag          
   0 2.2032696925e-02   0.00e+00  2.60e-01    5.448832e-01   8.839191e-03   2.384258e-02   1.878453e-01
   3 8.1678705153e-04  -1.37e-01  2.60e-04    5.434689e-01   8.892244e-03   2.436324e-02   2.006384e-01

After 3 iterations the fit converged.
final sum of squares of residuals : 0.000816787
rel. change during last iteration : -1.36532e-06

degrees of freedom    (FIT_NDF)                        : 237
rms of residuals      (FIT_STDFIT) = sqrt(WSSR/ndf)    : 0.00185644
variance of residuals (reduced chisquare) = WSSR/ndf   : 3.44636e-06

Final set of parameters            Asymptotic Standard Error
=======================            ==========================
a               = 0.543469         +/- 0.0001276    (0.02347%)
b               = 0.00889224       +/- 0.0001114    (1.252%)
dal             = 0.0243632        +/- 0.0001956    (0.803%)
dag             = 0.200638         +/- 0.0001662    (0.08283%)

correlation matrix of the fit parameters:
                a      b      dal    dag    
a               1.000 
b              -0.000  1.000 
dal            -0.227 -0.207  1.000 
dag            -0.192  0.182 -0.022  1.000 


*******************************************************************************
Sun Jun  5 09:24:56 2022


FIT:    data read from 'density/density/L80T1.0E1.05CD0.02/lan257191-lbn100019-lcn7290-ran7744-rbn3012-rcn220.density' u 1:3
        format = x:z
        x range restricted to [0.200000 : 0.800000]
        #datapoints = 241
        residuals are weighted equally (unit weight)

function used for fitting: db(x)
	db(x) = (dbl+dbg)/2 + ((dbl-dbg)/2)*tanh((x-c)/(2*d))
fitted parameters initialized with current variable values

iter      chisq       delta/lim  lambda   c             d             dbl           dbg          
   0 1.4682934167e-02   0.00e+00  1.21e-01    5.467758e-01   9.026324e-03   1.523680e-02   9.161372e-02
   4 1.7755035313e-04  -6.60e-01  1.21e-05    5.445032e-01   1.004022e-02   1.323874e-02   8.189911e-02

After 4 iterations the fit converged.
final sum of squares of residuals : 0.00017755
rel. change during last iteration : -6.6016e-06

degrees of freedom    (FIT_NDF)                        : 237
rms of residuals      (FIT_STDFIT) = sqrt(WSSR/ndf)    : 0.000865539
variance of residuals (reduced chisquare) = WSSR/ndf   : 7.49158e-07

Final set of parameters            Asymptotic Standard Error
=======================            ==========================
c               = 0.544503         +/- 0.0001633    (0.02999%)
d               = 0.0100402        +/- 0.0001424    (1.419%)
dbl             = 0.0132387        +/- 9.23e-05     (0.6972%)
dbg             = 0.0818991        +/- 7.789e-05    (0.0951%)

correlation matrix of the fit parameters:
                c      d      dbl    dbg    
c               1.000 
d               0.004  1.000 
dbl            -0.242 -0.222  1.000 
dbg            -0.203  0.194 -0.026  1.000 


*******************************************************************************
Sun Jun  5 09:24:56 2022


FIT:    data read from 'density/density/L80T1.0E1.05CD0.02/lan271480-lbn85730-lcn7290-ran8175-rbn2581-rcn220.density' u 1:2
        format = x:z
        x range restricted to [0.200000 : 0.800000]
        #datapoints = 241
        residuals are weighted equally (unit weight)

function used for fitting: da(x)
	da(x) = (dal+dag)/2 + ((dal-dag)/2)*tanh((x-a)/(2*b))
fitted parameters initialized with current variable values

iter      chisq       delta/lim  lambda   a             b             dal           dag          
   0 2.8420274243e-02   0.00e+00  2.78e-01    5.434689e-01   8.892244e-03   2.436324e-02   2.006384e-01
   5 9.3986151089e-04  -1.44e-01  2.78e-06    5.394521e-01   8.255811e-03   2.467297e-02   2.147980e-01

After 5 iterations the fit converged.
final sum of squares of residuals : 0.000939862
rel. change during last iteration : -1.4411e-06

degrees of freedom    (FIT_NDF)                        : 237
rms of residuals      (FIT_STDFIT) = sqrt(WSSR/ndf)    : 0.0019914
variance of residuals (reduced chisquare) = WSSR/ndf   : 3.96566e-06

Final set of parameters            Asymptotic Standard Error
=======================            ==========================
a               = 0.539452         +/- 0.0001218    (0.02258%)
b               = 0.00825581       +/- 0.0001064    (1.289%)
dal             = 0.024673         +/- 0.0002069    (0.8388%)
dag             = 0.214798         +/- 0.0001788    (0.08322%)

correlation matrix of the fit parameters:
                a      b      dal    dag    
a               1.000 
b              -0.004  1.000 
dal            -0.217 -0.197  1.000 
dag            -0.187  0.177 -0.020  1.000 


*******************************************************************************
Sun Jun  5 09:24:56 2022


FIT:    data read from 'density/density/L80T1.0E1.05CD0.02/lan271480-lbn85730-lcn7290-ran8175-rbn2581-rcn220.density' u 1:3
        format = x:z
        x range restricted to [0.200000 : 0.800000]
        #datapoints = 241
        residuals are weighted equally (unit weight)

function used for fitting: db(x)
	db(x) = (dbl+dbg)/2 + ((dbl-dbg)/2)*tanh((x-c)/(2*d))
fitted parameters initialized with current variable values

iter      chisq       delta/lim  lambda   c             d             dbl           dbg          
   0 1.7042374033e-02   0.00e+00  1.03e-01    5.445032e-01   1.004022e-02   1.323874e-02   8.189911e-02
   4 2.7613605792e-04  -4.45e-02  1.03e-05    5.405847e-01   9.891119e-03   1.142104e-02   7.142511e-02

After 4 iterations the fit converged.
final sum of squares of residuals : 0.000276136
rel. change during last iteration : -4.4542e-07

degrees of freedom    (FIT_NDF)                        : 237
rms of residuals      (FIT_STDFIT) = sqrt(WSSR/ndf)    : 0.00107941
variance of residuals (reduced chisquare) = WSSR/ndf   : 1.16513e-06

Final set of parameters            Asymptotic Standard Error
=======================            ==========================
c               = 0.540585         +/- 0.0002311    (0.04274%)
d               = 0.00989112       +/- 0.0002016    (2.038%)
dbl             = 0.011421         +/- 0.000114     (0.9977%)
dbg             = 0.0714251        +/- 9.767e-05    (0.1367%)

correlation matrix of the fit parameters:
                c      d      dbl    dbg    
c               1.000 
d               0.002  1.000 
dbl            -0.238 -0.219  1.000 
dbg            -0.203  0.194 -0.025  1.000 


*******************************************************************************
Sun Jun  5 09:24:56 2022


FIT:    data read from 'density/density/L80T1.0E1.05CD0.02/lan285768-lbn71442-lcn7290-ran8605-rbn2151-rcn220.density' u 1:2
        format = x:z
        x range restricted to [0.200000 : 0.800000]
        #datapoints = 241
        residuals are weighted equally (unit weight)

function used for fitting: da(x)
	da(x) = (dal+dag)/2 + ((dal-dag)/2)*tanh((x-a)/(2*b))
fitted parameters initialized with current variable values

iter      chisq       delta/lim  lambda   a             b             dal           dag          
   0 2.8481407764e-02   0.00e+00  3.08e-01    5.394521e-01   8.255811e-03   2.467297e-02   2.147980e-01
   4 6.1757458521e-04   0.00e+00  3.08e+05    5.358021e-01   8.162095e-03   2.526657e-02   2.293102e-01

After 4 iterations the fit converged.
final sum of squares of residuals : 0.000617575
rel. change during last iteration : 0

degrees of freedom    (FIT_NDF)                        : 237
rms of residuals      (FIT_STDFIT) = sqrt(WSSR/ndf)    : 0.00161425
variance of residuals (reduced chisquare) = WSSR/ndf   : 2.6058e-06

Final set of parameters            Asymptotic Standard Error
=======================            ==========================
a               = 0.535802         +/- 9.141e-05    (0.01706%)
b               = 0.00816209       +/- 7.985e-05    (0.9783%)
dal             = 0.0252666        +/- 0.0001663    (0.6583%)
dag             = 0.22931          +/- 0.0001457    (0.06353%)

correlation matrix of the fit parameters:
                a      b      dal    dag    
a               1.000 
b              -0.005  1.000 
dal            -0.214 -0.194  1.000 
dag            -0.187  0.176 -0.020  1.000 


*******************************************************************************
Sun Jun  5 09:24:56 2022


FIT:    data read from 'density/density/L80T1.0E1.05CD0.02/lan285768-lbn71442-lcn7290-ran8605-rbn2151-rcn220.density' u 1:3
        format = x:z
        x range restricted to [0.200000 : 0.800000]
        #datapoints = 241
        residuals are weighted equally (unit weight)

function used for fitting: db(x)
	db(x) = (dbl+dbg)/2 + ((dbl-dbg)/2)*tanh((x-c)/(2*d))
fitted parameters initialized with current variable values

iter      chisq       delta/lim  lambda   c             d             dbl           dbg          
   0 1.5416163982e-02   0.00e+00  8.99e-02    5.405847e-01   9.891119e-03   1.142104e-02   7.142511e-02
   4 1.4191882854e-04  -5.65e-01  8.99e-06    5.371068e-01   9.449536e-03   9.830594e-03   6.120919e-02

After 4 iterations the fit converged.
final sum of squares of residuals : 0.000141919
rel. change during last iteration : -5.65274e-06

degrees of freedom    (FIT_NDF)                        : 237
rms of residuals      (FIT_STDFIT) = sqrt(WSSR/ndf)    : 0.00077383
variance of residuals (reduced chisquare) = WSSR/ndf   : 5.98814e-07

Final set of parameters            Asymptotic Standard Error
=======================            ==========================
c               = 0.537107         +/- 0.0001886    (0.03511%)
d               = 0.00944954       +/- 0.0001646    (1.742%)
dbl             = 0.00983059       +/- 8.078e-05    (0.8217%)
dbg             = 0.0612092        +/- 7.023e-05    (0.1147%)

correlation matrix of the fit parameters:
                c      d      dbl    dbg    
c               1.000 
d              -0.001  1.000 
dbl            -0.231 -0.212  1.000 
dbg            -0.200  0.190 -0.024  1.000 


*******************************************************************************
Sun Jun  5 09:24:56 2022


FIT:    data read from 'density/density/L80T1.0E1.05CD0.02/lan28577-lbn328633-lcn7290-ran860-rbn9896-rcn220.density' u 1:2
        format = x:z
        x range restricted to [0.200000 : 0.800000]
        #datapoints = 241
        residuals are weighted equally (unit weight)

function used for fitting: da(x)
	da(x) = (dal+dag)/2 + ((dal-dag)/2)*tanh((x-a)/(2*b))
fitted parameters initialized with current variable values

iter      chisq       delta/lim  lambda   a             b             dal           dag          
   0 5.8689651464e+00   0.00e+00  3.29e-01    5.358021e-01   8.162095e-03   2.526657e-02   2.293102e-01
  12 7.0260978590e-04  -3.12e-01  3.29e-13    5.758509e-01   5.669950e-03   3.756874e-03   1.915016e-02

After 12 iterations the fit converged.
final sum of squares of residuals : 0.00070261
rel. change during last iteration : -3.12126e-06

degrees of freedom    (FIT_NDF)                        : 237
rms of residuals      (FIT_STDFIT) = sqrt(WSSR/ndf)    : 0.0017218
variance of residuals (reduced chisquare) = WSSR/ndf   : 2.9646e-06

Final set of parameters            Asymptotic Standard Error
=======================            ==========================
a               = 0.575851         +/- 0.001065     (0.1849%)
b               = 0.00566995       +/- 0.0009315    (16.43%)
dal             = 0.00375687       +/- 0.0001903    (5.066%)
dag             = 0.0191502        +/- 0.0001442    (0.7532%)

correlation matrix of the fit parameters:
                a      b      dal    dag    
a               1.000 
b              -0.008  1.000 
dal            -0.195 -0.173  1.000 
dag            -0.147  0.139 -0.014  1.000 


*******************************************************************************
Sun Jun  5 09:24:56 2022


FIT:    data read from 'density/density/L80T1.0E1.05CD0.02/lan28577-lbn328633-lcn7290-ran860-rbn9896-rcn220.density' u 1:3
        format = x:z
        x range restricted to [0.200000 : 0.800000]
        #datapoints = 241
        residuals are weighted equally (unit weight)

function used for fitting: db(x)
	db(x) = (dbl+dbg)/2 + ((dbl-dbg)/2)*tanh((x-c)/(2*d))
fitted parameters initialized with current variable values

iter      chisq       delta/lim  lambda   c             d             dbl           dbg          
   0 4.8885604924e+00   0.00e+00  7.81e-02    5.371068e-01   9.449536e-03   9.830594e-03   6.120919e-02
  11 1.6325757380e-01  -3.31e-01  7.81e-07    5.717684e-01   5.375739e-03   3.075218e-02   2.342291e-01

After 11 iterations the fit converged.
final sum of squares of residuals : 0.163258
rel. change during last iteration : -3.31474e-06

degrees of freedom    (FIT_NDF)                        : 237
rms of residuals      (FIT_STDFIT) = sqrt(WSSR/ndf)    : 0.026246
variance of residuals (reduced chisquare) = WSSR/ndf   : 0.000688851

Final set of parameters            Asymptotic Standard Error
=======================            ==========================
c               = 0.571768         +/- 0.001193     (0.2087%)
d               = 0.00537574       +/- 0.001044     (19.43%)
dbl             = 0.0307522        +/- 0.002865     (9.317%)
dbg             = 0.234229         +/- 0.002208     (0.9427%)

correlation matrix of the fit parameters:
                c      d      dbl    dbg    
c               1.000 
d              -0.011  1.000 
dbl            -0.188 -0.166  1.000 
dbg            -0.145  0.136 -0.013  1.000 


*******************************************************************************
Sun Jun  5 09:24:56 2022


FIT:    data read from 'density/density/L80T1.0E1.05CD0.02/lan300056-lbn57154-lcn7290-ran9035-rbn1721-rcn220.density' u 1:2
        format = x:z
        x range restricted to [0.200000 : 0.800000]
        #datapoints = 241
        residuals are weighted equally (unit weight)

function used for fitting: da(x)
	da(x) = (dal+dag)/2 + ((dal-dag)/2)*tanh((x-a)/(2*b))
fitted parameters initialized with current variable values

iter      chisq       delta/lim  lambda   a             b             dal           dag          
   0 6.6695337941e+00   0.00e+00  3.19e-02    5.758509e-01   5.669950e-03   3.756874e-03   1.915016e-02
  12 1.0360221258e-03  -8.51e-01  3.19e-08    5.317372e-01   8.278183e-03   2.567893e-02   2.448281e-01

After 12 iterations the fit converged.
final sum of squares of residuals : 0.00103602
rel. change during last iteration : -8.51019e-06

degrees of freedom    (FIT_NDF)                        : 237
rms of residuals      (FIT_STDFIT) = sqrt(WSSR/ndf)    : 0.00209079
variance of residuals (reduced chisquare) = WSSR/ndf   : 4.3714e-06

Final set of parameters            Asymptotic Standard Error
=======================            ==========================
a               = 0.531737         +/- 0.0001111    (0.02089%)
b               = 0.00827818       +/- 9.701e-05    (1.172%)
dal             = 0.0256789        +/- 0.0002138    (0.8325%)
dag             = 0.244828         +/- 0.0001901    (0.07764%)

correlation matrix of the fit parameters:
                a      b      dal    dag    
a               1.000 
b              -0.006  1.000 
dal            -0.214 -0.194  1.000 
dag            -0.190  0.179 -0.020  1.000 


*******************************************************************************
Sun Jun  5 09:24:56 2022


FIT:    data read from 'density/density/L80T1.0E1.05CD0.02/lan300056-lbn57154-lcn7290-ran9035-rbn1721-rcn220.density' u 1:3
        format = x:z
        x range restricted to [0.200000 : 0.800000]
        #datapoints = 241
        residuals are weighted equally (unit weight)

function used for fitting: db(x)
	db(x) = (dbl+dbg)/2 + ((dbl-dbg)/2)*tanh((x-c)/(2*d))
fitted parameters initialized with current variable values

iter      chisq       delta/lim  lambda   c             d             dbl           dbg          
   0 5.2599404218e+00   0.00e+00  4.27e-01    5.717684e-01   5.375739e-03   3.075218e-02   2.342291e-01
   7 1.0598585270e-04  -2.23e-02  4.27e-08    5.339600e-01   9.102812e-03   8.012044e-03   5.040628e-02

After 7 iterations the fit converged.
final sum of squares of residuals : 0.000105986
rel. change during last iteration : -2.23497e-07

degrees of freedom    (FIT_NDF)                        : 237
rms of residuals      (FIT_STDFIT) = sqrt(WSSR/ndf)    : 0.000668728
variance of residuals (reduced chisquare) = WSSR/ndf   : 4.47198e-07

Final set of parameters            Asymptotic Standard Error
=======================            ==========================
c               = 0.53396          +/- 0.0001935    (0.03623%)
d               = 0.00910281       +/- 0.0001689    (1.855%)
dbl             = 0.00801204       +/- 6.914e-05    (0.863%)
dbg             = 0.0504063        +/- 6.088e-05    (0.1208%)

correlation matrix of the fit parameters:
                c      d      dbl    dbg    
c               1.000 
d              -0.003  1.000 
dbl            -0.225 -0.206  1.000 
dbg            -0.198  0.187 -0.023  1.000 


*******************************************************************************
Sun Jun  5 09:24:56 2022


FIT:    data read from 'density/density/L80T1.0E1.05CD0.02/lan314345-lbn42865-lcn7290-ran9465-rbn1291-rcn220.density' u 1:2
        format = x:z
        x range restricted to [0.200000 : 0.800000]
        #datapoints = 241
        residuals are weighted equally (unit weight)

function used for fitting: da(x)
	da(x) = (dal+dag)/2 + ((dal-dag)/2)*tanh((x-a)/(2*b))
fitted parameters initialized with current variable values

iter      chisq       delta/lim  lambda   a             b             dal           dag          
   0 3.3778311208e-02   0.00e+00  3.49e-01    5.317372e-01   8.278183e-03   2.567893e-02   2.448281e-01
   4 7.4269228244e-04  -7.34e-01  3.49e-05    5.277723e-01   7.741814e-03   2.606329e-02   2.603638e-01

After 4 iterations the fit converged.
final sum of squares of residuals : 0.000742692
rel. change during last iteration : -7.33915e-06

degrees of freedom    (FIT_NDF)                        : 237
rms of residuals      (FIT_STDFIT) = sqrt(WSSR/ndf)    : 0.00177023
variance of residuals (reduced chisquare) = WSSR/ndf   : 3.13372e-06

Final set of parameters            Asymptotic Standard Error
=======================            ==========================
a               = 0.527772         +/- 8.48e-05     (0.01607%)
b               = 0.00774181       +/- 7.411e-05    (0.9572%)
dal             = 0.0260633        +/- 0.0001788    (0.686%)
dag             = 0.260364         +/- 0.0001615    (0.06201%)

correlation matrix of the fit parameters:
                a      b      dal    dag    
a               1.000 
b              -0.008  1.000 
dal            -0.205 -0.186  1.000 
dag            -0.185  0.174 -0.019  1.000 


*******************************************************************************
Sun Jun  5 09:24:56 2022


FIT:    data read from 'density/density/L80T1.0E1.05CD0.02/lan314345-lbn42865-lcn7290-ran9465-rbn1291-rcn220.density' u 1:3
        format = x:z
        x range restricted to [0.200000 : 0.800000]
        #datapoints = 241
        residuals are weighted equally (unit weight)

function used for fitting: db(x)
	db(x) = (dbl+dbg)/2 + ((dbl-dbg)/2)*tanh((x-c)/(2*d))
fitted parameters initialized with current variable values

iter      chisq       delta/lim  lambda   c             d             dbl           dbg          
   0 1.5312447219e-02   0.00e+00  6.52e-02    5.339600e-01   9.102812e-03   8.012044e-03   5.040628e-02
   4 1.7847329927e-04  -5.09e-01  6.52e-06    5.297320e-01   9.251344e-03   6.225891e-03   4.013044e-02

After 4 iterations the fit converged.
final sum of squares of residuals : 0.000178473
rel. change during last iteration : -5.09343e-06

degrees of freedom    (FIT_NDF)                        : 237
rms of residuals      (FIT_STDFIT) = sqrt(WSSR/ndf)    : 0.000867786
variance of residuals (reduced chisquare) = WSSR/ndf   : 7.53052e-07

Final set of parameters            Asymptotic Standard Error
=======================            ==========================
c               = 0.529732         +/- 0.0003167    (0.05978%)
d               = 0.00925134       +/- 0.0002764    (2.988%)
dbl             = 0.00622589       +/- 8.903e-05    (1.43%)
dbg             = 0.0401304        +/- 7.963e-05    (0.1984%)

correlation matrix of the fit parameters:
                c      d      dbl    dbg    
c               1.000 
d              -0.003  1.000 
dbl            -0.225 -0.206  1.000 
dbg            -0.201  0.190 -0.023  1.000 


*******************************************************************************
Sun Jun  5 09:24:56 2022


FIT:    data read from 'density/density/L80T1.0E1.05CD0.02/lan328633-lbn28577-lcn7290-ran9896-rbn860-rcn220.density' u 1:2
        format = x:z
        x range restricted to [0.200000 : 0.800000]
        #datapoints = 241
        residuals are weighted equally (unit weight)

function used for fitting: da(x)
	da(x) = (dal+dag)/2 + ((dal-dag)/2)*tanh((x-a)/(2*b))
fitted parameters initialized with current variable values

iter      chisq       delta/lim  lambda   a             b             dal           dag          
   0 4.5111872227e-02   0.00e+00  3.82e-01    5.277723e-01   7.741814e-03   2.606329e-02   2.603638e-01
   4 5.3558999867e-04  -3.73e-01  3.82e-05    5.220336e-01   7.414705e-03   2.637883e-02   2.773517e-01

After 4 iterations the fit converged.
final sum of squares of residuals : 0.00053559
rel. change during last iteration : -3.72507e-06

degrees of freedom    (FIT_NDF)                        : 237
rms of residuals      (FIT_STDFIT) = sqrt(WSSR/ndf)    : 0.00150329
variance of residuals (reduced chisquare) = WSSR/ndf   : 2.25987e-06

Final set of parameters            Asymptotic Standard Error
=======================            ==========================
a               = 0.522034         +/- 6.567e-05    (0.01258%)
b               = 0.00741471       +/- 5.74e-05     (0.7742%)
dal             = 0.0263788        +/- 0.0001497    (0.5676%)
dag             = 0.277352         +/- 0.0001382    (0.04981%)

correlation matrix of the fit parameters:
                a      b      dal    dag    
a               1.000 
b              -0.010  1.000 
dal            -0.198 -0.179  1.000 
dag            -0.183  0.172 -0.018  1.000 


*******************************************************************************
Sun Jun  5 09:24:56 2022


FIT:    data read from 'density/density/L80T1.0E1.05CD0.02/lan328633-lbn28577-lcn7290-ran9896-rbn860-rcn220.density' u 1:3
        format = x:z
        x range restricted to [0.200000 : 0.800000]
        #datapoints = 241
        residuals are weighted equally (unit weight)

function used for fitting: db(x)
	db(x) = (dbl+dbg)/2 + ((dbl-dbg)/2)*tanh((x-c)/(2*d))
fitted parameters initialized with current variable values

iter      chisq       delta/lim  lambda   c             d             dbl           dbg          
   0 1.7414345779e-02   0.00e+00  5.13e-02    5.297320e-01   9.251344e-03   6.225891e-03   4.013044e-02
   5 8.2576194138e-05  -1.25e-01  5.13e-07    5.242486e-01   8.460928e-03   4.235528e-03   2.901121e-02

After 5 iterations the fit converged.
final sum of squares of residuals : 8.25762e-05
rel. change during last iteration : -1.25076e-06

degrees of freedom    (FIT_NDF)                        : 237
rms of residuals      (FIT_STDFIT) = sqrt(WSSR/ndf)    : 0.000590273
variance of residuals (reduced chisquare) = WSSR/ndf   : 3.48423e-07

Final set of parameters            Asymptotic Standard Error
=======================            ==========================
c               = 0.524249         +/- 0.0002806    (0.05353%)
d               = 0.00846093       +/- 0.0002451    (2.897%)
dbl             = 0.00423553       +/- 5.951e-05    (1.405%)
dbg             = 0.0290112        +/- 5.44e-05     (0.1875%)

correlation matrix of the fit parameters:
                c      d      dbl    dbg    
c               1.000 
d              -0.007  1.000 
dbl            -0.213 -0.194  1.000 
dbg            -0.194  0.183 -0.021  1.000 


*******************************************************************************
Sun Jun  5 09:24:57 2022


FIT:    data read from 'density/density/L80T1.0E1.05CD0.02/lan342922-lbn14288-lcn7290-ran10326-rbn430-rcn220.density' u 1:2
        format = x:z
        x range restricted to [0.200000 : 0.800000]
        #datapoints = 241
        residuals are weighted equally (unit weight)

function used for fitting: da(x)
	da(x) = (dal+dag)/2 + ((dal-dag)/2)*tanh((x-a)/(2*b))
fitted parameters initialized with current variable values

iter      chisq       delta/lim  lambda   a             b             dal           dag          
   0 4.7139532320e-02   0.00e+00  4.13e-01    5.220336e-01   7.414705e-03   2.637883e-02   2.773517e-01
   4 1.8529663824e-04  -2.24e-03  4.13e-02    5.170644e-01   7.359009e-03   2.611729e-02   2.954790e-01

After 4 iterations the fit converged.
final sum of squares of residuals : 0.000185297
rel. change during last iteration : -2.23521e-08

degrees of freedom    (FIT_NDF)                        : 237
rms of residuals      (FIT_STDFIT) = sqrt(WSSR/ndf)    : 0.000884218
variance of residuals (reduced chisquare) = WSSR/ndf   : 7.81842e-07

Final set of parameters            Asymptotic Standard Error
=======================            ==========================
a               = 0.517064         +/- 3.584e-05    (0.006931%)
b               = 0.00735901       +/- 3.133e-05    (0.4258%)
dal             = 0.0261173        +/- 8.718e-05    (0.3338%)
dag             = 0.295479         +/- 8.193e-05    (0.02773%)

correlation matrix of the fit parameters:
                a      b      dal    dag    
a               1.000 
b              -0.012  1.000 
dal            -0.196 -0.177  1.000 
dag            -0.184  0.172 -0.018  1.000 


*******************************************************************************
Sun Jun  5 09:24:57 2022


FIT:    data read from 'density/density/L80T1.0E1.05CD0.02/lan342922-lbn14288-lcn7290-ran10326-rbn430-rcn220.density' u 1:3
        format = x:z
        x range restricted to [0.200000 : 0.800000]
        #datapoints = 241
        residuals are weighted equally (unit weight)

function used for fitting: db(x)
	db(x) = (dbl+dbg)/2 + ((dbl-dbg)/2)*tanh((x-c)/(2*d))
fitted parameters initialized with current variable values

iter      chisq       delta/lim  lambda   c             d             dbl           dbg          
   0 1.6528635770e-02   0.00e+00  3.86e-02    5.242486e-01   8.460928e-03   4.235528e-03   2.901121e-02
   4 1.2861735631e-05  -2.51e-03  3.86e-01    5.188132e-01   8.316969e-03   2.355163e-03   1.796529e-02

After 4 iterations the fit converged.
final sum of squares of residuals : 1.28617e-05
rel. change during last iteration : -2.50864e-08

degrees of freedom    (FIT_NDF)                        : 237
rms of residuals      (FIT_STDFIT) = sqrt(WSSR/ndf)    : 0.000232957
variance of residuals (reduced chisquare) = WSSR/ndf   : 5.42689e-08

Final set of parameters            Asymptotic Standard Error
=======================            ==========================
c               = 0.518813         +/- 0.0001741    (0.03356%)
d               = 0.00831697       +/- 0.0001521    (1.829%)
dbl             = 0.00235516       +/- 2.321e-05    (0.9854%)
dbg             = 0.0179653        +/- 2.165e-05    (0.1205%)

correlation matrix of the fit parameters:
                c      d      dbl    dbg    
c               1.000 
d              -0.009  1.000 
dbl            -0.209 -0.190  1.000 
dbg            -0.195  0.183 -0.020  1.000 


*******************************************************************************
Sun Jun  5 09:24:57 2022


FIT:    data read from 'density/density/L80T1.0E1.05CD0.02/lan42865-lbn314345-lcn7290-ran1291-rbn9465-rcn220.density' u 1:2
        format = x:z
        x range restricted to [0.200000 : 0.800000]
        #datapoints = 241
        residuals are weighted equally (unit weight)

function used for fitting: da(x)
	da(x) = (dal+dag)/2 + ((dal-dag)/2)*tanh((x-a)/(2*b))
fitted parameters initialized with current variable values

iter      chisq       delta/lim  lambda   a             b             dal           dag          
   0 8.9771751639e+00   0.00e+00  4.40e-01    5.170644e-01   7.359009e-03   2.611729e-02   2.954790e-01
   9 3.3984035905e-03  -5.63e-01  4.40e-10    5.897975e-01   5.690868e-03   5.683026e-03   2.794483e-02

After 9 iterations the fit converged.
final sum of squares of residuals : 0.0033984
rel. change during last iteration : -5.63021e-06

degrees of freedom    (FIT_NDF)                        : 237
rms of residuals      (FIT_STDFIT) = sqrt(WSSR/ndf)    : 0.00378672
variance of residuals (reduced chisquare) = WSSR/ndf   : 1.43393e-05

Final set of parameters            Asymptotic Standard Error
=======================            ==========================
a               = 0.589798         +/- 0.001624     (0.2753%)
b               = 0.00569087       +/- 0.00142      (24.96%)
dal             = 0.00568303       +/- 0.0004337    (7.631%)
dag             = 0.0279448        +/- 0.0003112    (1.114%)

correlation matrix of the fit parameters:
                a      b      dal    dag    
a               1.000 
b              -0.005  1.000 
dal            -0.202 -0.179  1.000 
dag            -0.145  0.136 -0.014  1.000 


*******************************************************************************
Sun Jun  5 09:24:57 2022


FIT:    data read from 'density/density/L80T1.0E1.05CD0.02/lan42865-lbn314345-lcn7290-ran1291-rbn9465-rcn220.density' u 1:3
        format = x:z
        x range restricted to [0.200000 : 0.800000]
        #datapoints = 241
        residuals are weighted equally (unit weight)

function used for fitting: db(x)
	db(x) = (dbl+dbg)/2 + ((dbl-dbg)/2)*tanh((x-c)/(2*d))
fitted parameters initialized with current variable values

iter      chisq       delta/lim  lambda   c             d             dbl           dbg          
   0 6.3955291564e+00   0.00e+00  2.42e-02    5.188132e-01   8.316969e-03   2.355163e-03   1.796529e-02
  60 2.3930186442e-01  -2.49e-01  2.42e-12    5.868449e-01   5.243791e-03   3.167950e-02   2.137099e-01

After 60 iterations the fit converged.
final sum of squares of residuals : 0.239302
rel. change during last iteration : -2.49028e-06

degrees of freedom    (FIT_NDF)                        : 237
rms of residuals      (FIT_STDFIT) = sqrt(WSSR/ndf)    : 0.031776
variance of residuals (reduced chisquare) = WSSR/ndf   : 0.00100971

Final set of parameters            Asymptotic Standard Error
=======================            ==========================
c               = 0.586845         +/- 0.001595     (0.2718%)
d               = 0.00524379       +/- 0.001396     (26.62%)
dbl             = 0.0316795        +/- 0.003596     (11.35%)
dbg             = 0.21371          +/- 0.002616     (1.224%)

correlation matrix of the fit parameters:
                c      d      dbl    dbg    
c               1.000 
d              -0.009  1.000 
dbl            -0.193 -0.170  1.000 
dbg            -0.140  0.131 -0.013  1.000 


*******************************************************************************
Sun Jun  5 09:24:58 2022


FIT:    data read from 'density/density/L80T1.0E1.05CD0.02/lan57154-lbn300056-lcn7290-ran1721-rbn9035-rcn220.density' u 1:2
        format = x:z
        x range restricted to [0.200000 : 0.800000]
        #datapoints = 241
        residuals are weighted equally (unit weight)

function used for fitting: da(x)
	da(x) = (dal+dag)/2 + ((dal-dag)/2)*tanh((x-a)/(2*b))
fitted parameters initialized with current variable values

iter      chisq       delta/lim  lambda   a             b             dal           dag          
   0 2.3386866156e-02   0.00e+00  4.71e-02    5.897975e-01   5.690868e-03   5.683026e-03   2.794483e-02
   4 5.4609215358e-03  -5.55e-01  4.71e-06    5.759730e-01   6.961701e-03   7.326136e-03   3.895782e-02

After 4 iterations the fit converged.
final sum of squares of residuals : 0.00546092
rel. change during last iteration : -5.54985e-06

degrees of freedom    (FIT_NDF)                        : 237
rms of residuals      (FIT_STDFIT) = sqrt(WSSR/ndf)    : 0.00480019
variance of residuals (reduced chisquare) = WSSR/ndf   : 2.30419e-05

Final set of parameters            Asymptotic Standard Error
=======================            ==========================
a               = 0.575973         +/- 0.001612     (0.2799%)
b               = 0.0069617        +/- 0.001409     (20.24%)
dal             = 0.00732614       +/- 0.000537     (7.33%)
dag             = 0.0389578        +/- 0.0004048    (1.039%)

correlation matrix of the fit parameters:
                a      b      dal    dag    
a               1.000 
b               0.000  1.000 
dal            -0.217 -0.194  1.000 
dag            -0.162  0.154 -0.017  1.000 


*******************************************************************************
Sun Jun  5 09:24:58 2022


FIT:    data read from 'density/density/L80T1.0E1.05CD0.02/lan57154-lbn300056-lcn7290-ran1721-rbn9035-rcn220.density' u 1:3
        format = x:z
        x range restricted to [0.200000 : 0.800000]
        #datapoints = 241
        residuals are weighted equally (unit weight)

function used for fitting: db(x)
	db(x) = (dbl+dbg)/2 + ((dbl-dbg)/2)*tanh((x-c)/(2*d))
fitted parameters initialized with current variable values

iter      chisq       delta/lim  lambda   c             d             dbl           dbg          
   0 2.5792721080e-01   0.00e+00  3.97e-01    5.868449e-01   5.243791e-03   3.167950e-02   2.137099e-01
   7 1.9757640363e-01  -7.77e-01  3.97e-08    5.735370e-01   6.157539e-03   3.135326e-02   2.143691e-01

After 7 iterations the fit converged.
final sum of squares of residuals : 0.197576
rel. change during last iteration : -7.77339e-06

degrees of freedom    (FIT_NDF)                        : 237
rms of residuals      (FIT_STDFIT) = sqrt(WSSR/ndf)    : 0.0288731
variance of residuals (reduced chisquare) = WSSR/ndf   : 0.000833656

Final set of parameters            Asymptotic Standard Error
=======================            ==========================
c               = 0.573537         +/- 0.001569     (0.2736%)
d               = 0.00615754       +/- 0.001372     (22.28%)
dbl             = 0.0313533        +/- 0.003187     (10.17%)
dbg             = 0.214369         +/- 0.002433     (1.135%)

correlation matrix of the fit parameters:
                c      d      dbl    dbg    
c               1.000 
d              -0.005  1.000 
dbl            -0.202 -0.180  1.000 
dbg            -0.154  0.145 -0.015  1.000 


*******************************************************************************
Sun Jun  5 09:24:58 2022


FIT:    data read from 'density/density/L80T1.0E1.05CD0.02/lan71442-lbn285768-lcn7290-ran2151-rbn8605-rcn220.density' u 1:2
        format = x:z
        x range restricted to [0.200000 : 0.800000]
        #datapoints = 241
        residuals are weighted equally (unit weight)

function used for fitting: da(x)
	da(x) = (dal+dag)/2 + ((dal-dag)/2)*tanh((x-a)/(2*b))
fitted parameters initialized with current variable values

iter      chisq       delta/lim  lambda   a             b             dal           dag          
   0 1.7773289150e-02   0.00e+00  5.95e-02    5.759730e-01   6.961701e-03   7.326136e-03   3.895782e-02
   5 5.5456143948e-03  -9.09e-01  5.95e-07    5.847162e-01   6.825814e-03   9.191887e-03   4.702489e-02

After 5 iterations the fit converged.
final sum of squares of residuals : 0.00554561
rel. change during last iteration : -9.09035e-06

degrees of freedom    (FIT_NDF)                        : 237
rms of residuals      (FIT_STDFIT) = sqrt(WSSR/ndf)    : 0.00483727
variance of residuals (reduced chisquare) = WSSR/ndf   : 2.33992e-05

Final set of parameters            Asymptotic Standard Error
=======================            ==========================
a               = 0.584716         +/- 0.001345     (0.23%)
b               = 0.00682581       +/- 0.001175     (17.22%)
dal             = 0.00919189       +/- 0.0005527    (6.013%)
dag             = 0.0470249        +/- 0.0004027    (0.8563%)

correlation matrix of the fit parameters:
                a      b      dal    dag    
a               1.000 
b               0.001  1.000 
dal            -0.219 -0.196  1.000 
dag            -0.159  0.150 -0.017  1.000 


*******************************************************************************
Sun Jun  5 09:24:58 2022


FIT:    data read from 'density/density/L80T1.0E1.05CD0.02/lan71442-lbn285768-lcn7290-ran2151-rbn8605-rcn220.density' u 1:3
        format = x:z
        x range restricted to [0.200000 : 0.800000]
        #datapoints = 241
        residuals are weighted equally (unit weight)

function used for fitting: db(x)
	db(x) = (dbl+dbg)/2 + ((dbl-dbg)/2)*tanh((x-c)/(2*d))
fitted parameters initialized with current variable values

iter      chisq       delta/lim  lambda   c             d             dbl           dbg          
   0 1.7601380270e-01   0.00e+00  3.62e-01    5.735370e-01   6.157539e-03   3.135326e-02   2.143691e-01
   4 1.1784989751e-01  -2.04e-01  3.62e-05    5.820700e-01   6.407531e-03   3.108646e-02   1.968177e-01

After 4 iterations the fit converged.
final sum of squares of residuals : 0.11785
rel. change during last iteration : -2.04138e-06

degrees of freedom    (FIT_NDF)                        : 237
rms of residuals      (FIT_STDFIT) = sqrt(WSSR/ndf)    : 0.0222993
variance of residuals (reduced chisquare) = WSSR/ndf   : 0.000497257

Final set of parameters            Asymptotic Standard Error
=======================            ==========================
c               = 0.58207          +/- 0.001368     (0.235%)
d               = 0.00640753       +/- 0.001196     (18.66%)
dbl             = 0.0310865        +/- 0.00252      (8.108%)
dbg             = 0.196818         +/- 0.001859     (0.9446%)

correlation matrix of the fit parameters:
                c      d      dbl    dbg    
c               1.000 
d              -0.002  1.000 
dbl            -0.211 -0.188  1.000 
dbg            -0.155  0.146 -0.016  1.000 


*******************************************************************************
Sun Jun  5 09:24:58 2022


FIT:    data read from 'density/density/L80T1.0E1.05CD0.02/lan85730-lbn271480-lcn7290-ran2581-rbn8175-rcn220.density' u 1:2
        format = x:z
        x range restricted to [0.200000 : 0.800000]
        #datapoints = 241
        residuals are weighted equally (unit weight)

function used for fitting: da(x)
	da(x) = (dal+dag)/2 + ((dal-dag)/2)*tanh((x-a)/(2*b))
fitted parameters initialized with current variable values

iter      chisq       delta/lim  lambda   a             b             dal           dag          
   0 2.8861262016e-02   0.00e+00  7.29e-02    5.847162e-01   6.825814e-03   9.191887e-03   4.702489e-02
   5 3.5745008649e-03  -1.91e-02  7.29e-07    5.659355e-01   8.088913e-03   1.066718e-02   5.995552e-02

After 5 iterations the fit converged.
final sum of squares of residuals : 0.0035745
rel. change during last iteration : -1.9094e-07

degrees of freedom    (FIT_NDF)                        : 237
rms of residuals      (FIT_STDFIT) = sqrt(WSSR/ndf)    : 0.00388359
variance of residuals (reduced chisquare) = WSSR/ndf   : 1.50823e-05

Final set of parameters            Asymptotic Standard Error
=======================            ==========================
a               = 0.565936         +/- 0.0009075    (0.1604%)
b               = 0.00808891       +/- 0.0007925    (9.797%)
dal             = 0.0106672        +/- 0.0004282    (4.014%)
dag             = 0.0599555        +/- 0.0003343    (0.5576%)

correlation matrix of the fit parameters:
                a      b      dal    dag    
a               1.000 
b               0.003  1.000 
dal            -0.228 -0.206  1.000 
dag            -0.177  0.168 -0.020  1.000 


*******************************************************************************
Sun Jun  5 09:24:58 2022


FIT:    data read from 'density/density/L80T1.0E1.05CD0.02/lan85730-lbn271480-lcn7290-ran2581-rbn8175-rcn220.density' u 1:3
        format = x:z
        x range restricted to [0.200000 : 0.800000]
        #datapoints = 241
        residuals are weighted equally (unit weight)

function used for fitting: db(x)
	db(x) = (dbl+dbg)/2 + ((dbl-dbg)/2)*tanh((x-c)/(2*d))
fitted parameters initialized with current variable values

iter      chisq       delta/lim  lambda   c             d             dbl           dbg          
   0 1.4014319768e-01   0.00e+00  3.26e-01    5.820700e-01   6.407531e-03   3.108646e-02   1.968177e-01
   7 6.9840954908e-02  -4.35e-01  3.26e-08    5.648047e-01   7.018254e-03   3.064719e-02   1.981901e-01

After 7 iterations the fit converged.
final sum of squares of residuals : 0.069841
rel. change during last iteration : -4.35352e-06

degrees of freedom    (FIT_NDF)                        : 237
rms of residuals      (FIT_STDFIT) = sqrt(WSSR/ndf)    : 0.0171665
variance of residuals (reduced chisquare) = WSSR/ndf   : 0.000294688

Final set of parameters            Asymptotic Standard Error
=======================            ==========================
c               = 0.564805         +/- 0.001092     (0.1934%)
d               = 0.00701825       +/- 0.0009549    (13.61%)
dbl             = 0.0306472        +/- 0.00187      (6.101%)
dbg             = 0.19819          +/- 0.001472     (0.7425%)

correlation matrix of the fit parameters:
                c      d      dbl    dbg    
c               1.000 
d              -0.002  1.000 
dbl            -0.212 -0.190  1.000 
dbg            -0.166  0.157 -0.017  1.000 
