

*******************************************************************************
Thu Jan  5 18:49:10 2023


FIT:    data read from 'L100T1.0-part.dat' u 2:1
        format = x:z
        #datapoints = 26
        residuals are weighted equally (unit weight)

function used for fitting: f(x)
	f(x) = a*x + b*x**2 + c*x**3 + d*x**4 + e*x**5
fitted parameters initialized with current variable values

iter      chisq       delta/lim  lambda   a             b             c             d             e            
   0 1.1373091188e+00   0.00e+00  1.51e-01    1.000000e+00   1.000000e+00   1.000000e+00   1.000000e+00   1.000000e+00
   6 4.7511068460e-05  -3.13e-01  1.51e-07    1.822860e+00  -4.571801e+00   1.176972e+01  -1.713898e+01   1.067546e+01

After 6 iterations the fit converged.
final sum of squares of residuals : 4.75111e-05
rel. change during last iteration : -3.12727e-06

degrees of freedom    (FIT_NDF)                        : 21
rms of residuals      (FIT_STDFIT) = sqrt(WSSR/ndf)    : 0.00150414
variance of residuals (reduced chisquare) = WSSR/ndf   : 2.26243e-06

Final set of parameters            Asymptotic Standard Error
=======================            ==========================
a               = 1.82286          +/- 0.03323      (1.823%)
b               = -4.5718          +/- 0.522        (11.42%)
c               = 11.7697          +/- 2.828        (24.03%)
d               = -17.139          +/- 6.308        (36.8%)
e               = 10.6755          +/- 4.957        (46.43%)

correlation matrix of the fit parameters:
                a      b      c      d      e      
a               1.000 
b              -0.968  1.000 
c               0.916 -0.986  1.000 
d              -0.865  0.958 -0.992  1.000 
e               0.820 -0.927  0.975 -0.995  1.000 
