

*******************************************************************************
Sun Jun 26 10:04:16 2022


FIT:    data read from 'density/density/L100T1.0S0.9/lan112394-lbn590070-ran3144-rbn16508.density' u 1:2
        format = x:z
        x range restricted to [0.200000 : 0.800000]
        #datapoints = 241
        residuals are weighted equally (unit weight)

function used for fitting: da(x)
	da(x) = (dal+dag)/2 + ((dal-dag)/2)*tanh((x-a)/(2*b))
fitted parameters initialized with current variable values

iter      chisq       delta/lim  lambda   a             b             dal           dag          
   0 1.0778490000e+01   0.00e+00  4.70e-01    5.000000e-01   6.000000e-03   3.000000e-02   3.000000e-01
5719 3.7956184475e-67  -2.00e+02  4.70e-21    4.987486e-01   5.916810e-03   5.284743e-45  -5.680378e-35

The fit was stopped by the user after 5719 iterations.
final sum of squares of residuals : 3.79562e-67
abs. change during last iteration : -7.59359e-70


Hmmmm.... Sum of squared residuals is zero. Can't compute errors.

Final set of parameters 
======================= 

a               = 0.498749       
b               = 0.00591681     
dal             = 5.28474e-45    
dag             = -5.68038e-35   


*******************************************************************************
Sun Jun 26 10:04:34 2022


FIT:    data read from 'density/density/L100T1.0S0.9/lan112394-lbn590070-ran3144-rbn16508.density' u 1:3
        format = x:z
        x range restricted to [0.200000 : 0.800000]
        #datapoints = 241
        residuals are weighted equally (unit weight)

function used for fitting: db(x)
	db(x) = (dbl+dbg)/2 + ((dbl-dbg)/2)*tanh((x-c)/(2*d))
fitted parameters initialized with current variable values

iter      chisq       delta/lim  lambda   c             d             dbl           dbg          
   0 1.0778490000e+01   0.00e+00  4.70e-01    5.000000e-01   6.000000e-03   3.000000e-02   3.000000e-01
iter      chisq       delta/lim  lambda   c             d             dbl           dbg          
   0 1.0778490000e+01  -9.28e+33  4.70e-01    5.000000e-01   6.000000e-03   3.000000e-02   3.000000e-01

The fit was stopped by the user after 0 iterations.
final sum of squares of residuals : 10.7785
rel. change during last iteration : -9.27774e+28

degrees of freedom    (FIT_NDF)                        : 237
rms of residuals      (FIT_STDFIT) = sqrt(WSSR/ndf)    : 0.213258
variance of residuals (reduced chisquare) = WSSR/ndf   : 0.0454789

Final set of parameters            Asymptotic Standard Error
=======================            ==========================
c               = 0.5              +/- 0.007729     (1.546%)
d               = 0.006            +/- 0.006766     (112.8%)
dbl             = 0.03             +/- 0.02018      (67.26%)
dbg             = 0.3              +/- 0.02018      (6.727%)

correlation matrix of the fit parameters:
                c      d      dbl    dbg    
c               1.000 
d              -0.019  1.000 
dbl            -0.171 -0.153  1.000 
dbg            -0.172  0.160 -0.014  1.000 


*******************************************************************************
Sun Jun 26 10:04:35 2022


FIT:    data read from 'density/density/L100T1.0S0.9/lan126444-lbn576020-ran3537-rbn16115.density' u 1:2
        format = x:z
        x range restricted to [0.200000 : 0.800000]
        #datapoints = 241
        residuals are weighted equally (unit weight)

function used for fitting: da(x)
	da(x) = (dal+dag)/2 + ((dal-dag)/2)*tanh((x-a)/(2*b))
fitted parameters initialized with current variable values

iter      chisq       delta/lim  lambda   a             b             dal           dag          
   0 1.0778490000e+01   0.00e+00  4.70e-01    5.000000e-01   6.000000e-03   3.000000e-02   3.000000e-01
8368 1.9041137029e-69  -2.00e+02  4.70e-21    4.987486e-01   5.916810e-03   3.742421e-46  -4.023300e-36

The fit was stopped by the user after 8368 iterations.
final sum of squares of residuals : 1.90411e-69
abs. change during last iteration : -3.81008e-72


Hmmmm.... Sum of squared residuals is zero. Can't compute errors.

Final set of parameters 
======================= 

a               = 0.498749       
b               = 0.00591681     
dal             = 3.74242e-46    
dag             = -4.0233e-36    


*******************************************************************************
Sun Jun 26 10:04:57 2022


FIT:    data read from 'density/density/L100T1.0S0.9/lan126444-lbn576020-ran3537-rbn16115.density' u 1:3
        format = x:z
        x range restricted to [0.200000 : 0.800000]
        #datapoints = 241
        residuals are weighted equally (unit weight)

function used for fitting: db(x)
	db(x) = (dbl+dbg)/2 + ((dbl-dbg)/2)*tanh((x-c)/(2*d))
fitted parameters initialized with current variable values

iter      chisq       delta/lim  lambda   c             d             dbl           dbg          
   0 1.0778490000e+01   0.00e+00  4.70e-01    5.000000e-01   6.000000e-03   3.000000e-02   3.000000e-01
  78 2.7087824039e-62  -1.90e+02  4.70e-21    4.987486e-01   5.916810e-03   1.484755e-42  -1.517480e-32

The fit was stopped by the user after 78 iterations.
final sum of squares of residuals : 2.70878e-62
abs. change during last iteration : -5.15894e-65


Hmmmm.... Sum of squared residuals is zero. Can't compute errors.

Final set of parameters 
======================= 

c               = 0.498749       
d               = 0.00591681     
dbl             = 1.48476e-42    
dbg             = -1.51748e-32   


*******************************************************************************
Wed Jul  6 19:33:54 2022


FIT:    data read from 'density/density/L100T1.0S0.9/lan112394-lbn590070-ran3144-rbn16508.density' u 1:2
        format = x:z
        x range restricted to [0.200000 : 0.800000]
        #datapoints = 241
        residuals are weighted equally (unit weight)

function used for fitting: da(x)
	da(x) = (dal+dag)/2 + ((dal-dag)/2)*tanh((x-a)/(2*b))
fitted parameters initialized with current variable values

iter      chisq       delta/lim  lambda   a             b             dal           dag          
   0 1.0778490000e+01   0.00e+00  4.70e-01    5.000000e-01   6.000000e-03   3.000000e-02   3.000000e-01
